#
# A fatal error has been detected by the Java Runtime Environment:
#
#  EXCEPTION_ACCESS_VIOLATION (0xc0000005) at pc=0x000002417c1a1050, pid=45392, tid=4188
#
# JRE version: OpenJDK Runtime Environment Temurin-21.0.3+9 (21.0.3+9) (build 21.0.3+9-LTS)
# Java VM: OpenJDK 64-Bit Server VM Temurin-21.0.3+9 (21.0.3+9-LTS, mixed mode, emulated-client, tiered, compressed oops, compressed class ptrs, g1 gc, windows-amd64)
# Problematic frame:
# v  ~BufferBlob::MethodHandles adapters 0x000002417c1a1050
#
# No core dump will be written. Minidumps are not enabled by default on client versions of Windows
#
# If you would like to submit a bug report, please visit:
#   https://github.com/adoptium/adoptium-support/issues
#

---------------  S U M M A R Y ------------

Command Line: -XX:+ShowCodeDetailsInExceptionMessages -agentlib:jdwp=transport=dt_socket,suspend=y,address=localhost:57152 -Dcom.sun.management.jmxremote -Dcom.sun.management.jmxremote.port=57150 -Dcom.sun.management.jmxremote.authenticate=false -Dcom.sun.management.jmxremote.ssl=false -Djava.rmi.server.hostname=localhost -Dspring.jmx.enabled=true -Dmanagement.endpoints.jmx.exposure.include=* -Dspring.application.admin.enabled=true -XX:TieredStopAtLevel=1 -Dspring.boot.project.name=MySecurityProject_1 -javaagent:C:\DevelopDev\spring-tool-suite-4-4.24.0.RELEASE-e4.32.0-win32.win32.x86_64.self-extracting\sts-4.24.0.RELEASE\configuration\org.eclipse.osgi\270\0\.cp\lib\javaagent-shaded.jar -Dfile.encoding=UTF-8 -Dstdout.encoding=UTF-8 -Dstderr.encoding=UTF-8 com.hg.web.MySecurityProject1Application --spring.output.ansi.enabled=always

Host: AMD Ryzen 7 7735U with Radeon Graphics         , 16 cores, 15G,  Windows 11 , 64 bit Build 22621 (10.0.22621.3958)
Time: Sun Sep 29 22:17:39 2024  Windows 11 , 64 bit Build 22621 (10.0.22621.3958) elapsed time: 322.268827 seconds (0d 0h 5m 22s)

---------------  T H R E A D  ---------------

Current thread (0x000002410f417ab0):  JavaThread "restartedMain"        [_thread_in_Java, id=4188, stack(0x000000a778f00000,0x000000a779000000) (1024K)]

Stack: [0x000000a778f00000,0x000000a779000000],  sp=0x000000a778ffc738,  free space=1009k
Native frames: (J=compiled Java code, j=interpreted, Vv=VM code, C=native code)
C  0x000002417c1a1050

The last pc belongs to _linkToSpecial (printed below).

siginfo: EXCEPTION_ACCESS_VIOLATION (0xc0000005), reading address 0xffffffffffffffff


Registers:
RAX=0x000002417c179086, RBX=0xe187330e00000000, RCX=0x000000a778ffc748, RDX=0x0000000000000003
RSP=0x000000a778ffc738, RBP=0x000000a778ffc790, RSI=0x000002410f5f1df8, RDI=0x000002410e9504e0
R8 =0x0000000000000004, R9 =0x0000000000000004, R10=0x00007ffbc7df1a30, R11=0x00000241083eef18
R12=0x0000000000000000, R13=0x000000a778ffc738, R14=0x000000a778ffc7b8, R15=0x000002410f417ab0
RIP=0x000002417c1a1050, EFLAGS=0x0000000000010202


Register to memory mapping:

RAX=0x000002417c179086 is at code_begin+3078 in an Interpreter codelet
return entry points  [0x000002417c178480, 0x000002417c17a298]  7704 bytes
RBX=0xe187330e00000000 is an unknown value
RCX=0x000000a778ffc748 is pointing into the stack for thread: 0x000002410f417ab0
RDX=0x0000000000000003 is an unknown value
RSP=0x000000a778ffc738 is pointing into the stack for thread: 0x000002410f417ab0
RBP=0x000000a778ffc790 is pointing into the stack for thread: 0x000002410f417ab0
RSI=0x000002410f5f1df8 points into unknown readable memory: 0x800006a714d7f6eb | eb f6 d7 14 a7 06 00 80
RDI=0x000002410e9504e0 points into unknown readable memory: 0x0000002000000080 | 80 00 00 00 20 00 00 00
R8 =0x0000000000000004 is an unknown value
R9 =0x0000000000000004 is an unknown value
R10=0x00007ffbc7df1a30 jvm.dll
R11={method} {0x00000241083eef20} 'newInvokeSpecial' '(Ljava/lang/Object;Ljava/lang/Object;)Ljava/lang/Object;' in 'java/lang/invoke/DirectMethodHandle$Holder'
R12=0x0 is null
R13=0x000000a778ffc738 is pointing into the stack for thread: 0x000002410f417ab0
R14=0x000000a778ffc7b8 is pointing into the stack for thread: 0x000002410f417ab0
R15=0x000002410f417ab0 is a thread

Top of Stack: (sp=0x000000a778ffc738)
0x000000a778ffc738:   000002417c179086 000000071041a200
0x000000a778ffc748:   000000a778ffc748 00000241083eef08
0x000000a778ffc758:   0000000000000005 00000241083f2da8
0x000000a778ffc768:   0000000710419e08 000000070c3c6710
0x000000a778ffc778:   00000241083eef18 000000a778ffc738
0x000000a778ffc788:   000000a778ffc7c0 000000a778ffcb78
0x000000a778ffc798:   000002417c8c1c30 0000000710419fb8
0x000000a778ffc7a8:   000000071041a200 00000007106dc110
0x000000a778ffc7b8:   0000000710419fe8 000002417c993290
0x000000a778ffc7c8:   00000007106d3c20 000000070ecedbd0
0x000000a778ffc7d8:   000000071041a1c0 00000007106dc110
0x000000a778ffc7e8:   000000071041a170 0000000710419fe8
0x000000a778ffc7f8:   00000007106dc110 000002417c8c1b6c
0x000000a778ffc808:   000000a700000001 000000a778ffcb78
0x000000a778ffc818:   000002417c5b42cb 00000007106d3c80
0x000000a778ffc828:   000000a778ffa8b4 000000a778ffcb78
0x000000a778ffc838:   000002417cba5d8c 000000a778ffa8e0
0x000000a778ffc848:   000000a778ffa8e0 000000a778ffa898
0x000000a778ffc858:   000000a778ffa89c 000000a778ffa890
0x000000a778ffc868:   000000a778ffa894 000000a778ffa888
0x000000a778ffc878:   000000a778ffa88c 000000a778ffa880
0x000000a778ffc888:   000000a778ffa884 000000a778ffa878
0x000000a778ffc898:   000000070c399790 000000070ecedbd0
0x000000a778ffc8a8:   00000007106d3c20 00000007106d3c20
0x000000a778ffc8b8:   00000007106d3c80 000000071041a1e8
0x000000a778ffc8c8:   0000000710419df0 0000000000000000
0x000000a778ffc8d8:   000000071041a1e8 000000a778ffcb78
0x000000a778ffc8e8:   0000024100000001 00000007106dc110
0x000000a778ffc8f8:   000000071041a1c0 000000a778ffcb78
0x000000a778ffc908:   000002417c5b09dc 0000000000000000
0x000000a778ffc918:   0000000000000000 0000000000000000
0x000000a778ffc928:   00007ffbc77ddc00 000002410f417ab0 

Instructions: (pc=0x000002417c1a1050)
0x000002417c1a0f50:   bf e0 05 00 00 00 74 03 ff 63 38 ff 63 50 e9 9d
0x000002417c1a0f60:   16 00 00 66 66 66 0f 1f 84 00 00 00 00 00 66 0f
0x000002417c1a0f70:   1f 84 00 00 00 00 00 66 0f 1f 84 00 00 00 00 00
0x000002417c1a0f80:   48 8b 53 08 0f b7 52 2e 48 8b 0c d4 58 5b 50 44
0x000002417c1a0f90:   8b 51 08 49 bb 00 00 00 00 08 00 00 00 4d 03 d3
0x000002417c1a0fa0:   4c 8b 5b 10 4b 8b 9c da c8 01 00 00 48 85 db 0f
0x000002417c1a0fb0:   84 10 00 00 00 41 80 bf e0 05 00 00 00 74 03 ff
0x000002417c1a0fc0:   63 38 ff 63 50 e9 36 16 00 00 66 66 66 0f 1f 84
0x000002417c1a0fd0:   00 00 00 00 00 66 66 66 0f 1f 84 00 00 00 00 00
0x000002417c1a0fe0:   58 5b 50 8b 5b 24 48 c1 e3 03 48 8b 5b 10 48 85
0x000002417c1a0ff0:   db 0f 84 10 00 00 00 41 80 bf e0 05 00 00 00 74
0x000002417c1a1000:   03 ff 63 38 ff 63 50 e9 f4 15 00 00 66 66 0f 1f
0x000002417c1a1010:   84 00 00 00 00 00 66 66 0f 1f 84 00 00 00 00 00
0x000002417c1a1020:   48 8b 53 08 0f b7 52 2e 48 8b 0c d4 58 5b 50 48
0x000002417c1a1030:   3b 01 8b 5b 24 48 c1 e3 03 48 8b 5b 10 48 85 db
0x000002417c1a1040:   0f 84 10 00 00 00 41 80 bf e0 05 00 00 00 74 03
0x000002417c1a1050:   ff 63 38 ff 63 50 e9 a5 15 00 00 0f 1f 44 00 00
0x000002417c1a1060:   48 8b 53 08 0f b7 52 2e 48 8b 0c d4 58 5b 50 44
0x000002417c1a1070:   8b 51 08 49 bb 00 00 00 00 08 00 00 00 4d 03 d3
0x000002417c1a1080:   8b 43 18 48 c1 e0 03 48 8b 40 10 48 8b 5b 10 45
0x000002417c1a1090:   8b 9a a0 00 00 00 4f 8d 9c da c8 01 00 00 4d 8d
0x000002417c1a10a0:   14 da 49 8b 1b 48 3b c3 74 15 48 85 db 0f 84 32
0x000002417c1a10b0:   00 00 00 49 83 c3 10 49 8b 1b 48 3b c3 75 eb 45
0x000002417c1a10c0:   8b 5b 08 4b 8b 1c 1a 48 85 db 0f 84 10 00 00 00
0x000002417c1a10d0:   41 80 bf e0 05 00 00 00 74 03 ff 63 38 ff 63 50
0x000002417c1a10e0:   e9 1b 15 00 00 e9 16 12 00 00 f4 00 00 00 00 00
0x000002417c1a10f0:   00 00 00 00 00 00 00 00 00 00 00 00 00 00 00 00
0x000002417c1a1100:   00 00 00 00 00 00 00 00 00 00 00 00 00 00 00 00
0x000002417c1a1110:   00 00 00 00 00 00 00 00 00 00 00 00 00 00 00 00
0x000002417c1a1120:   00 00 00 00 00 00 00 00 00 00 00 00 00 00 00 00
0x000002417c1a1130:   00 00 00 00 00 00 00 00 00 00 00 00 00 00 00 00
0x000002417c1a1140:   00 00 00 00 00 00 00 00 00 00 00 00 00 00 00 00 


Stack slot to memory mapping:

stack at sp + 0 slots: 0x000002417c179086 is at code_begin+3078 in an Interpreter codelet
return entry points  [0x000002417c178480, 0x000002417c17a298]  7704 bytes
stack at sp + 1 slots: 0x000000071041a200 is an oop: com.hg.web.service.impl.S3ImgUploadService 
{0x000000071041a200} - klass: 'com/hg/web/service/impl/S3ImgUploadService'
 - ---- fields (total size 3 words):
 - private final 'amazonS3' 'Lcom/amazonaws/services/s3/AmazonS3;' @12  null (0x00000000)
 - private 'bucket' 'Ljava/lang/String;' @16  null (0x00000000)
stack at sp + 2 slots: 0x000000a778ffc748 is pointing into the stack for thread: 0x000002410f417ab0
stack at sp + 3 slots: 0x00000241083eef08 is pointing into metadata
stack at sp + 4 slots: 0x0000000000000005 is an unknown value
stack at sp + 5 slots: 0x00000241083f2da8 is pointing into metadata
stack at sp + 6 slots: 0x0000000710419e08 is an oop: java.lang.ref.WeakReference 
{0x0000000710419e08} - klass: 'java/lang/ref/WeakReference'
 - ---- fields (total size 4 words):
 - private 'referent' 'Ljava/lang/Object;' @12  a 'java/lang/Class'{0x000000070d03d7c0} = 'org/springframework/beans/BeanUtils' (0xe1a07af8)
 - volatile 'queue' 'Ljava/lang/ref/ReferenceQueue;' @16  a 'java/lang/ref/ReferenceQueue$Null'{0x000000070c3c6650} (0xe1878cca)
 - volatile 'next' 'Ljava/lang/ref/Reference;' @20  null (0x00000000)
 - private transient 'discovered' 'Ljava/lang/ref/Reference;' @24  null (0x00000000)
stack at sp + 7 slots: 0x000000070c3c6710 is an oop: java.lang.Class 
{0x000000070c3c6710} - klass: 'java/lang/Class'
 - ---- fields (total size 14 words):
 - private volatile transient 'classRedefinedCount' 'I' @12  0 (0x00000000)
 - injected 'klass' 'J' @16  34359950056 (0x0000000800033ae8)
 - injected 'array_klass' 'J' @24  0 (0x0000000000000000)
 - injected 'oop_size' 'I' @32  14 (0x0000000e)
 - injected 'static_oop_field_count' 'I' @36  0 (0x00000000)
 - private volatile transient 'cachedConstructor' 'Ljava/lang/reflect/Constructor;' @40  null (0x00000000)
 - private transient 'name' 'Ljava/lang/String;' @44  null (0x00000000)
 - private transient 'module' 'Ljava/lang/Module;' @48  a 'java/lang/Module'{0x000000070c3d1e18} (0xe187a3c3)
 - private final 'classLoader' 'Ljava/lang/ClassLoader;' @52  null (0x00000000)
 - private transient 'classData' 'Ljava/lang/Object;' @56  null (0x00000000)
 - private transient 'packageName' 'Ljava/lang/String;' @60  null (0x00000000)
 - private final 'componentType' 'Ljava/lang/Class;' @64  null (0x00000000)
 - private volatile transient 'reflectionData' 'Ljava/lang/ref/SoftReference;' @68  null (0x00000000)
 - private volatile transient 'genericInfo' 'Lsun/reflect/generics/repository/ClassRepository;' @72  null (0x00000000)
 - private volatile transient 'enumConstants' '[Ljava/lang/Object;' @76  null (0x00000000)
 - private volatile transient 'enumConstantDirectory' 'Ljava/util/Map;' @80  null (0x00000000)
 - private volatile transient 'annotationData' 'Ljava/lang/Class$AnnotationData;' @84  null (0x00000000)
 - private volatile transient 'annotationType' 'Lsun/reflect/annotation/AnnotationType;' @88  null (0x00000000)
 - transient 'classValueMap' 'Ljava/lang/ClassValue$ClassValueMap;' @92  null (0x00000000)
 - injected 'protection_domain' 'Ljava/lang/Object;' @96  null (0x00000000)
 - injected 'signers_name' 'Ljava/lang/Object;' @100  null (0x00000000)
 - injected 'source_file' 'Ljava/lang/Object;' @104  null (0x00000000)
 - signature: Ljava/lang/invoke/DirectMethodHandle$Holder;
 - ---- static fields (0):

MethodHandle::interpreter_entry::_linkToSpecial [0x000002417c1a100c, 0x000002417c1a105b] (79 bytes)
[MachCode]
  0x000002417c1a100c: 6666 0f1f | 8400 0000 | 0000 6666 | 0f1f 8400 | 0000 0000 | 488b 5308 | 0fb7 522e | 488b 0cd4 
  0x000002417c1a102c: 585b 5048 | 3b01 8b5b | 2448 c1e3 | 0348 8b5b | 1048 85db | 0f84 1000 | 0000 4180 | bfe0 0500 
  0x000002417c1a104c: 0000 7403 | ff63 38ff | 6350 e9a5 | 
[/MachCode]

---------------  P R O C E S S  ---------------

Threads class SMR info:
_java_thread_list=0x000002410c7375f0, length=29, elements={
0x0000024107599530, 0x00000241075e8ab0, 0x000002410760b560, 0x000002410760bbd0,
0x000002410760d7a0, 0x000002410762cd20, 0x000002410762d780, 0x0000024107779020,
0x00000241078c6d40, 0x00000241078d2810, 0x00000241078d6050, 0x000002410c584b60,
0x000002410c85fd20, 0x000002410c873e40, 0x000002410c8e2ff0, 0x000002410cdb4910,
0x000002410cdb5f90, 0x000002410cdc9a60, 0x000002410ce0b0e0, 0x000002410f01fb00,
0x000002410f020820, 0x000002410f41c970, 0x000002410f418e60, 0x000002410f417ab0,
0x000002410f4194f0, 0x000002410f417420, 0x000002410f41a8a0, 0x000002410f416d90,
0x000002410f41af30
}

Java Threads: ( => current thread )
  0x0000024107599530 JavaThread "Reference Handler"          daemon [_thread_blocked, id=15964, stack(0x000000a779900000,0x000000a779a00000) (1024K)]
  0x00000241075e8ab0 JavaThread "Finalizer"                  daemon [_thread_blocked, id=43220, stack(0x000000a779a00000,0x000000a779b00000) (1024K)]
  0x000002410760b560 JavaThread "Signal Dispatcher"          daemon [_thread_blocked, id=29364, stack(0x000000a779b00000,0x000000a779c00000) (1024K)]
  0x000002410760bbd0 JavaThread "Attach Listener"            daemon [_thread_blocked, id=46224, stack(0x000000a779c00000,0x000000a779d00000) (1024K)]
  0x000002410760d7a0 JavaThread "Service Thread"             daemon [_thread_blocked, id=43464, stack(0x000000a779d00000,0x000000a779e00000) (1024K)]
  0x000002410762cd20 JavaThread "Monitor Deflation Thread"   daemon [_thread_blocked, id=34308, stack(0x000000a779e00000,0x000000a779f00000) (1024K)]
  0x000002410762d780 JavaThread "C1 CompilerThread0"         daemon [_thread_blocked, id=27644, stack(0x000000a779f00000,0x000000a77a000000) (1024K)]
  0x0000024107779020 JavaThread "Common-Cleaner"             daemon [_thread_blocked, id=49848, stack(0x000000a77a000000,0x000000a77a100000) (1024K)]
  0x00000241078c6d40 JavaThread "JDWP Transport Listener: dt_socket" daemon [_thread_blocked, id=16204, stack(0x000000a77a300000,0x000000a77a400000) (1024K)]
  0x00000241078d2810 JavaThread "JDWP Event Helper Thread"   daemon [_thread_blocked, id=21468, stack(0x000000a77a400000,0x000000a77a500000) (1024K)]
  0x00000241078d6050 JavaThread "JDWP Command Reader"        daemon [_thread_in_native, id=22584, stack(0x000000a77a500000,0x000000a77a600000) (1024K)]
  0x000002410c584b60 JavaThread "Notification Thread"        daemon [_thread_blocked, id=13296, stack(0x000000a77a600000,0x000000a77a700000) (1024K)]
  0x000002410c85fd20 JavaThread "RMI TCP Accept-0"           daemon [_thread_in_native, id=45896, stack(0x000000a77b000000,0x000000a77b100000) (1024K)]
  0x000002410c873e40 JavaThread "RMI TCP Accept-57150"       daemon [_thread_in_native, id=10528, stack(0x000000a77b100000,0x000000a77b200000) (1024K)]
  0x000002410c8e2ff0 JavaThread "RMI TCP Accept-0"           daemon [_thread_in_native, id=20340, stack(0x000000a77b200000,0x000000a77b300000) (1024K)]
  0x000002410cdb4910 JavaThread "RMI Scheduler(0)"           daemon [_thread_blocked, id=35032, stack(0x000000a77b800000,0x000000a77b900000) (1024K)]
  0x000002410cdb5f90 JavaThread "RMI TCP Connection(14)-127.0.0.1" daemon [_thread_in_native, id=30440, stack(0x000000a77b900000,0x000000a77ba00000) (1024K)]
  0x000002410cdc9a60 JavaThread "JMX server connection timeout 51" daemon [_thread_blocked, id=41948, stack(0x000000a77ba00000,0x000000a77bb00000) (1024K)]
  0x000002410ce0b0e0 JavaThread "mysql-cj-abandoned-connection-cleanup" daemon [_thread_blocked, id=49396, stack(0x000000a77c400000,0x000000a77c500000) (1024K)]
  0x000002410f01fb00 JavaThread "Live Reload Server"         daemon [_thread_in_native, id=29084, stack(0x000000a77cb00000,0x000000a77cc00000) (1024K)]
  0x000002410f020820 JavaThread "http-nio-8080-exec-2"       daemon [_thread_blocked, id=47792, stack(0x000000a77cc00000,0x000000a77cd00000) (1024K)]
  0x000002410f41c970 JavaThread "DestroyJavaVM"                     [_thread_blocked, id=48500, stack(0x000000a779100000,0x000000a779200000) (1024K)]
  0x000002410f418e60 JavaThread "Thread-5"                          [_thread_blocked, id=3992, stack(0x000000a778e00000,0x000000a778f00000) (1024K)]
=>0x000002410f417ab0 JavaThread "restartedMain"                     [_thread_in_Java, id=4188, stack(0x000000a778f00000,0x000000a779000000) (1024K)]
  0x000002410f4194f0 JavaThread "Catalina-utility-1"                [_thread_blocked, id=37052, stack(0x000000a77a200000,0x000000a77a300000) (1024K)]
  0x000002410f417420 JavaThread "Catalina-utility-2"                [_thread_blocked, id=23844, stack(0x000000a77a700000,0x000000a77a800000) (1024K)]
  0x000002410f41a8a0 JavaThread "container-0"                       [_thread_blocked, id=48392, stack(0x000000a77b700000,0x000000a77b800000) (1024K)]
  0x000002410f416d90 JavaThread "HikariPool-2 housekeeper"   daemon [_thread_blocked, id=47912, stack(0x000000a77bc00000,0x000000a77bd00000) (1024K)]
  0x000002410f41af30 JavaThread "java-sdk-http-connection-reaper" daemon [_thread_blocked, id=40676, stack(0x000000a77c000000,0x000000a77c100000) (1024K)]
Total: 29

Other Threads:
  0x000002410741ec10 VMThread "VM Thread"                           [id=5060, stack(0x000000a779800000,0x000000a779900000) (1024K)] _threads_hazard_ptr=0x000002410c7375f0
  0x00000241073c3b20 WatcherThread "VM Periodic Task Thread"        [id=35016, stack(0x000000a779700000,0x000000a779800000) (1024K)]
  0x00000241786e9ab0 WorkerThread "GC Thread#0"                     [id=14668, stack(0x000000a779200000,0x000000a779300000) (1024K)]
  0x000002410c814640 WorkerThread "GC Thread#1"                     [id=19812, stack(0x000000a77a800000,0x000000a77a900000) (1024K)]
  0x000002410c8149e0 WorkerThread "GC Thread#2"                     [id=30100, stack(0x000000a77a900000,0x000000a77aa00000) (1024K)]
  0x000002410c814d80 WorkerThread "GC Thread#3"                     [id=41052, stack(0x000000a77aa00000,0x000000a77ab00000) (1024K)]
  0x000002410c815120 WorkerThread "GC Thread#4"                     [id=37432, stack(0x000000a77ab00000,0x000000a77ac00000) (1024K)]
  0x000002410c82e110 WorkerThread "GC Thread#5"                     [id=43440, stack(0x000000a77ac00000,0x000000a77ad00000) (1024K)]
  0x000002410c82e4b0 WorkerThread "GC Thread#6"                     [id=10396, stack(0x000000a77ad00000,0x000000a77ae00000) (1024K)]
  0x000002410c832860 WorkerThread "GC Thread#7"                     [id=48016, stack(0x000000a77ae00000,0x000000a77af00000) (1024K)]
  0x000002410c832c00 WorkerThread "GC Thread#8"                     [id=19664, stack(0x000000a77af00000,0x000000a77b000000) (1024K)]
  0x000002410cd4f330 WorkerThread "GC Thread#9"                     [id=26196, stack(0x000000a77b300000,0x000000a77b400000) (1024K)]
  0x000002410cd501b0 WorkerThread "GC Thread#10"                    [id=28944, stack(0x000000a77b400000,0x000000a77b500000) (1024K)]
  0x000002410cd4f6d0 WorkerThread "GC Thread#11"                    [id=12804, stack(0x000000a77b500000,0x000000a77b600000) (1024K)]
  0x000002410cd4fa70 WorkerThread "GC Thread#12"                    [id=49700, stack(0x000000a77b600000,0x000000a77b700000) (1024K)]
  0x00000241786f9d20 ConcurrentGCThread "G1 Main Marker"            [id=21656, stack(0x000000a779300000,0x000000a779400000) (1024K)]
  0x00000241786faf80 WorkerThread "G1 Conc#0"                       [id=49776, stack(0x000000a779400000,0x000000a779500000) (1024K)]
  0x000002410cd50550 WorkerThread "G1 Conc#1"                       [id=31784, stack(0x000000a77bd00000,0x000000a77be00000) (1024K)]
  0x000002410cd4fe10 WorkerThread "G1 Conc#2"                       [id=30024, stack(0x000000a77be00000,0x000000a77bf00000) (1024K)]
  0x00000241072929d0 ConcurrentGCThread "G1 Refine#0"               [id=3344, stack(0x000000a779500000,0x000000a779600000) (1024K)]
  0x0000024107293350 ConcurrentGCThread "G1 Service"                [id=37032, stack(0x000000a779600000,0x000000a779700000) (1024K)]
Total: 21

Threads with active compile tasks:
Total: 0

VM state: synchronizing (normal execution)

VM Mutex/Monitor currently owned by a thread:  ([mutex/lock_event])
[0x00007ffbc7de2128] Threads_lock - owner thread: 0x000002410741ec10

Heap address: 0x000000070c000000, size: 3904 MB, Compressed Oops mode: Zero based, Oop shift amount: 3

CDS archive(s) not mapped
Compressed class space mapped at: 0x0000000800000000-0x0000000840000000, reserved size: 1073741824
Narrow klass base: 0x0000000800000000, Narrow klass shift: 0, Narrow klass range: 0x40000000

GC Precious Log:
 CardTable entry size: 512
 Card Set container configuration: InlinePtr #cards 4 size 8 Array Of Cards #cards 16 size 48 Howl #buckets 8 coarsen threshold 3686 Howl Bitmap #cards 512 size 80 coarsen threshold 460 Card regions per heap region 1 cards per card region 4096
 CPUs: 16 total, 16 available
 Memory: 15614M
 Large Page Support: Disabled
 NUMA Support: Disabled
 Compressed Oops: Enabled (Zero based)
 Heap Region Size: 2M
 Heap Min Capacity: 8M
 Heap Initial Capacity: 244M
 Heap Max Capacity: 3904M
 Pre-touch: Disabled
 Parallel Workers: 13
 Concurrent Workers: 3
 Concurrent Refinement Workers: 13
 Periodic GC: Disabled

Heap:
 garbage-first heap   total 94208K, used 60924K [0x000000070c000000, 0x0000000800000000)
  region size 2048K, 15 young (30720K), 2 survivors (4096K)
 Metaspace       used 83623K, committed 84416K, reserved 1179648K
  class space    used 10950K, committed 11328K, reserved 1048576K

Heap Regions: E=young(eden), S=young(survivor), O=old, HS=humongous(starts), HC=humongous(continues), CS=collection set, F=free, TAMS=top-at-mark-start, PB=parsable bottom
|   0|0x000000070c000000, 0x000000070c200000, 0x000000070c200000|100%| O|  |TAMS 0x000000070c000000| PB 0x000000070c000000| Untracked 
|   1|0x000000070c200000, 0x000000070c3fffd8, 0x000000070c400000| 99%| O|  |TAMS 0x000000070c200000| PB 0x000000070c200000| Untracked 
|   2|0x000000070c400000, 0x000000070c600000, 0x000000070c600000|100%| O|  |TAMS 0x000000070c400000| PB 0x000000070c400000| Untracked 
|   3|0x000000070c600000, 0x000000070c7ffff0, 0x000000070c800000| 99%| O|  |TAMS 0x000000070c600000| PB 0x000000070c600000| Untracked 
|   4|0x000000070c800000, 0x000000070c9fc6d8, 0x000000070ca00000| 99%| O|  |TAMS 0x000000070c800000| PB 0x000000070c800000| Untracked 
|   5|0x000000070ca00000, 0x000000070cbffff8, 0x000000070cc00000| 99%| O|  |TAMS 0x000000070ca00000| PB 0x000000070ca00000| Untracked 
|   6|0x000000070cc00000, 0x000000070cdfffa8, 0x000000070ce00000| 99%| O|  |TAMS 0x000000070cc00000| PB 0x000000070cc00000| Untracked 
|   7|0x000000070ce00000, 0x000000070cfffff0, 0x000000070d000000| 99%| O|  |TAMS 0x000000070ce00000| PB 0x000000070ce00000| Untracked 
|   8|0x000000070d000000, 0x000000070d1fffd0, 0x000000070d200000| 99%| O|  |TAMS 0x000000070d000000| PB 0x000000070d000000| Untracked 
|   9|0x000000070d200000, 0x000000070d3ff4c8, 0x000000070d400000| 99%| O|  |TAMS 0x000000070d200000| PB 0x000000070d200000| Untracked 
|  10|0x000000070d400000, 0x000000070d5fffa8, 0x000000070d600000| 99%| O|  |TAMS 0x000000070d400000| PB 0x000000070d400000| Untracked 
|  11|0x000000070d600000, 0x000000070d800000, 0x000000070d800000|100%| O|  |TAMS 0x000000070d600000| PB 0x000000070d600000| Untracked 
|  12|0x000000070d800000, 0x000000070d9ffff0, 0x000000070da00000| 99%| O|  |TAMS 0x000000070d800000| PB 0x000000070d800000| Untracked 
|  13|0x000000070da00000, 0x000000070dae5cb8, 0x000000070dc00000| 44%| O|  |TAMS 0x000000070da00000| PB 0x000000070da00000| Untracked 
|  14|0x000000070dc00000, 0x000000070dcffa70, 0x000000070de00000| 49%| O|  |TAMS 0x000000070dc00000| PB 0x000000070dc00000| Untracked 
|  15|0x000000070de00000, 0x000000070dfffff0, 0x000000070e000000| 99%| O|  |TAMS 0x000000070de00000| PB 0x000000070de00000| Untracked 
|  16|0x000000070e000000, 0x000000070e117f98, 0x000000070e200000| 54%| O|  |TAMS 0x000000070e000000| PB 0x000000070e000000| Untracked 
|  17|0x000000070e200000, 0x000000070e200000, 0x000000070e400000|  0%| F|  |TAMS 0x000000070e200000| PB 0x000000070e200000| Untracked 
|  18|0x000000070e400000, 0x000000070e400000, 0x000000070e600000|  0%| F|  |TAMS 0x000000070e400000| PB 0x000000070e400000| Untracked 
|  19|0x000000070e600000, 0x000000070e739348, 0x000000070e800000| 61%| O|  |TAMS 0x000000070e600000| PB 0x000000070e600000| Untracked 
|  20|0x000000070e800000, 0x000000070e800000, 0x000000070ea00000|  0%| F|  |TAMS 0x000000070e800000| PB 0x000000070e800000| Untracked 
|  21|0x000000070ea00000, 0x000000070eb4cdc0, 0x000000070ec00000| 65%| S|CS|TAMS 0x000000070ea00000| PB 0x000000070ea00000| Complete 
|  22|0x000000070ec00000, 0x000000070ee00000, 0x000000070ee00000|100%| S|CS|TAMS 0x000000070ec00000| PB 0x000000070ec00000| Complete 
|  23|0x000000070ee00000, 0x000000070ee00000, 0x000000070f000000|  0%| F|  |TAMS 0x000000070ee00000| PB 0x000000070ee00000| Untracked 
|  24|0x000000070f000000, 0x000000070f000000, 0x000000070f200000|  0%| F|  |TAMS 0x000000070f000000| PB 0x000000070f000000| Untracked 
|  25|0x000000070f200000, 0x000000070f200000, 0x000000070f400000|  0%| F|  |TAMS 0x000000070f200000| PB 0x000000070f200000| Untracked 
|  26|0x000000070f400000, 0x000000070f400000, 0x000000070f600000|  0%| F|  |TAMS 0x000000070f400000| PB 0x000000070f400000| Untracked 
|  27|0x000000070f600000, 0x000000070f600000, 0x000000070f800000|  0%| F|  |TAMS 0x000000070f600000| PB 0x000000070f600000| Untracked 
|  28|0x000000070f800000, 0x000000070f800000, 0x000000070fa00000|  0%| F|  |TAMS 0x000000070f800000| PB 0x000000070f800000| Untracked 
|  29|0x000000070fa00000, 0x000000070fa00000, 0x000000070fc00000|  0%| F|  |TAMS 0x000000070fa00000| PB 0x000000070fa00000| Untracked 
|  30|0x000000070fc00000, 0x000000070fc00000, 0x000000070fe00000|  0%| F|  |TAMS 0x000000070fc00000| PB 0x000000070fc00000| Untracked 
|  31|0x000000070fe00000, 0x000000070fe00000, 0x0000000710000000|  0%| F|  |TAMS 0x000000070fe00000| PB 0x000000070fe00000| Untracked 
|  32|0x0000000710000000, 0x0000000710000000, 0x0000000710200000|  0%| F|  |TAMS 0x0000000710000000| PB 0x0000000710000000| Untracked 
|  33|0x0000000710200000, 0x000000071038cf78, 0x0000000710400000| 77%| E|  |TAMS 0x0000000710200000| PB 0x0000000710200000| Complete 
|  34|0x0000000710400000, 0x0000000710600000, 0x0000000710600000|100%| E|CS|TAMS 0x0000000710400000| PB 0x0000000710400000| Complete 
|  35|0x0000000710600000, 0x0000000710800000, 0x0000000710800000|100%| E|CS|TAMS 0x0000000710600000| PB 0x0000000710600000| Complete 
|  36|0x0000000710800000, 0x0000000710a00000, 0x0000000710a00000|100%| E|CS|TAMS 0x0000000710800000| PB 0x0000000710800000| Complete 
|  37|0x0000000710a00000, 0x0000000710c00000, 0x0000000710c00000|100%| E|CS|TAMS 0x0000000710a00000| PB 0x0000000710a00000| Complete 
|  38|0x0000000710c00000, 0x0000000710e00000, 0x0000000710e00000|100%| E|CS|TAMS 0x0000000710c00000| PB 0x0000000710c00000| Complete 
|  39|0x0000000710e00000, 0x0000000711000000, 0x0000000711000000|100%| E|CS|TAMS 0x0000000710e00000| PB 0x0000000710e00000| Complete 
|  40|0x0000000711000000, 0x0000000711200000, 0x0000000711200000|100%| E|CS|TAMS 0x0000000711000000| PB 0x0000000711000000| Complete 
|  41|0x0000000711200000, 0x0000000711400000, 0x0000000711400000|100%| E|CS|TAMS 0x0000000711200000| PB 0x0000000711200000| Complete 
|  48|0x0000000712000000, 0x0000000712200000, 0x0000000712200000|100%| E|CS|TAMS 0x0000000712000000| PB 0x0000000712000000| Complete 
|  49|0x0000000712200000, 0x0000000712400000, 0x0000000712400000|100%| E|CS|TAMS 0x0000000712200000| PB 0x0000000712200000| Complete 
|  50|0x0000000712400000, 0x0000000712600000, 0x0000000712600000|100%| E|CS|TAMS 0x0000000712400000| PB 0x0000000712400000| Complete 
| 121|0x000000071b200000, 0x000000071b400000, 0x000000071b400000|100%| E|CS|TAMS 0x000000071b200000| PB 0x000000071b200000| Complete 

Card table byte_map: [0x0000024100000000,0x00000241007a0000] _byte_map_base: 0x00000240fc7a0000

Marking Bits: (CMBitMap*) 0x00000241786e9fc0
 Bits: [0x00000241007a0000, 0x00000241044a0000)

Polling page: 0x0000024177e30000

Metaspace:

Usage:
  Non-class:     70.97 MB used.
      Class:     10.69 MB used.
       Both:     81.66 MB used.

Virtual space:
  Non-class space:      128.00 MB reserved,      71.38 MB ( 56%) committed,  2 nodes.
      Class space:        1.00 GB reserved,      11.06 MB (  1%) committed,  1 nodes.
             Both:        1.12 GB reserved,      82.44 MB (  7%) committed. 

Chunk freelists:
   Non-Class:  8.19 MB
       Class:  4.81 MB
        Both:  13.00 MB

MaxMetaspaceSize: unlimited
CompressedClassSpaceSize: 1.00 GB
Initial GC threshold: 21.00 MB
Current GC threshold: 137.12 MB
CDS: off
 - commit_granule_bytes: 65536.
 - commit_granule_words: 8192.
 - virtual_space_node_default_size: 8388608.
 - enlarge_chunks_in_place: 1.
 - use_allocation_guard: 0.


Internal statistics:

num_allocs_failed_limit: 9.
num_arena_births: 1060.
num_arena_deaths: 2.
num_vsnodes_births: 3.
num_vsnodes_deaths: 0.
num_space_committed: 1319.
num_space_uncommitted: 0.
num_chunks_returned_to_freelist: 12.
num_chunks_taken_from_freelist: 3475.
num_chunk_merges: 6.
num_chunk_splits: 2533.
num_chunks_enlarged: 1966.
num_inconsistent_stats: 0.

CodeCache: size=49152Kb used=14460Kb max_used=16149Kb free=34691Kb
 bounds [0x000002417c170000, 0x000002417d140000, 0x000002417f170000]
 total_blobs=7894 nmethods=7206 adapters=612
 compilation: enabled
              stopped_count=0, restarted_count=0
 full_count=0

Compilation events (20 events):
Event: 271.274 Thread 0x000002410762d780 7673       1       java.io.BufferedOutputStream::implWrite (40 bytes)
Event: 271.275 Thread 0x000002410762d780 nmethod 7673 0x000002417d132310 code [0x000002417d1324c0, 0x000002417d132670]
Event: 271.275 Thread 0x000002410c6e0850 7674   !   1       java.io.BufferedOutputStream::write (62 bytes)
Event: 271.276 Thread 0x000002410c6e0850 nmethod 7674 0x000002417d132790 code [0x000002417d1329e0, 0x000002417d132f28]
Event: 271.309 Thread 0x000002410c6e0f20 7675       1       com.mysql.cj.ServerVersion::<init> (35 bytes)
Event: 271.309 Thread 0x000002410762d780 7676       1       java.net.Socket::isConnected (12 bytes)
Event: 271.309 Thread 0x000002410762d780 nmethod 7676 0x000002417d133390 code [0x000002417d133520, 0x000002417d1335d8]
Event: 271.309 Thread 0x000002410c6e0f20 nmethod 7675 0x000002417d133690 code [0x000002417d133840, 0x000002417d133c70]
Event: 271.311 Thread 0x000002410c6e0850 7677       1       sun.security.ssl.HandshakeOutStream::putBytes16 (27 bytes)
Event: 271.311 Thread 0x000002410c6e0850 nmethod 7677 0x000002417d133e10 code [0x000002417d134000, 0x000002417d134238]
Event: 271.317 Thread 0x000002410c6e0180 7678       1       com.sun.crypto.provider.GaloisCounterMode$GCMDecrypt::checkDataLength (53 bytes)
Event: 271.317 Thread 0x000002410c6e0850 7679       1       com.sun.crypto.provider.GaloisCounterMode$DecryptOp::doFinal (33 bytes)
Event: 271.317 Thread 0x000002410c6e0850 nmethod 7679 0x000002417d134390 code [0x000002417d134560, 0x000002417d134730]
Event: 271.317 Thread 0x000002410c6e0180 nmethod 7678 0x000002417d134890 code [0x000002417d134a60, 0x000002417d134d18]
Event: 271.318 Thread 0x000002410762d780 7680       1       sun.security.ssl.Record::getInt8 (14 bytes)
Event: 271.318 Thread 0x000002410762d780 nmethod 7680 0x000002417d134f10 code [0x000002417d1350e0, 0x000002417d1352a0]
Event: 271.320 Thread 0x000002410c6e0180 7681       1       com.mysql.cj.conf.AbstractPropertyDefinition::isRuntimeModifiable (5 bytes)
Event: 271.320 Thread 0x000002410c6e0180 nmethod 7681 0x000002417d135410 code [0x000002417d1355a0, 0x000002417d135670]
Event: 320.794 Thread 0x000002410762d780 7682       1       java.util.HashMap$Values::toArray (16 bytes)
Event: 320.794 Thread 0x000002410762d780 nmethod 7682 0x000002417ca69d90 code [0x000002417ca69f40, 0x000002417ca6a078]

GC Heap History (20 events):
Event: 6.132 GC heap before
{Heap before GC invocations=15 (full 0):
 garbage-first heap   total 77824K, used 64851K [0x000000070c000000, 0x0000000800000000)
  region size 2048K, 22 young (45056K), 2 survivors (4096K)
 Metaspace       used 55744K, committed 56320K, reserved 1114112K
  class space    used 6855K, committed 7104K, reserved 1048576K
}
Event: 6.135 GC heap after
{Heap after GC invocations=16 (full 0):
 garbage-first heap   total 94208K, used 25250K [0x000000070c000000, 0x0000000800000000)
  region size 2048K, 2 young (4096K), 2 survivors (4096K)
 Metaspace       used 55744K, committed 56320K, reserved 1114112K
  class space    used 6855K, committed 7104K, reserved 1048576K
}
Event: 6.646 GC heap before
{Heap before GC invocations=16 (full 0):
 garbage-first heap   total 94208K, used 72354K [0x000000070c000000, 0x0000000800000000)
  region size 2048K, 26 young (53248K), 2 survivors (4096K)
 Metaspace       used 59692K, committed 60288K, reserved 1114112K
  class space    used 7530K, committed 7808K, reserved 1048576K
}
Event: 6.650 GC heap after
{Heap after GC invocations=17 (full 0):
 garbage-first heap   total 94208K, used 26420K [0x000000070c000000, 0x0000000800000000)
  region size 2048K, 3 young (6144K), 3 survivors (6144K)
 Metaspace       used 59692K, committed 60288K, reserved 1114112K
  class space    used 7530K, committed 7808K, reserved 1048576K
}
Event: 7.154 GC heap before
{Heap before GC invocations=18 (full 0):
 garbage-first heap   total 94208K, used 75572K [0x000000070c000000, 0x0000000800000000)
  region size 2048K, 27 young (55296K), 3 survivors (6144K)
 Metaspace       used 64092K, committed 64704K, reserved 1114112K
  class space    used 8118K, committed 8384K, reserved 1048576K
}
Event: 7.158 GC heap after
{Heap after GC invocations=19 (full 0):
 garbage-first heap   total 94208K, used 27093K [0x000000070c000000, 0x0000000800000000)
  region size 2048K, 3 young (6144K), 3 survivors (6144K)
 Metaspace       used 64092K, committed 64704K, reserved 1114112K
  class space    used 8118K, committed 8384K, reserved 1048576K
}
Event: 7.696 GC heap before
{Heap before GC invocations=19 (full 0):
 garbage-first heap   total 94208K, used 74197K [0x000000070c000000, 0x0000000800000000)
  region size 2048K, 27 young (55296K), 3 survivors (6144K)
 Metaspace       used 69663K, committed 70272K, reserved 1114112K
  class space    used 8962K, committed 9216K, reserved 1048576K
}
Event: 7.702 GC heap after
{Heap after GC invocations=20 (full 0):
 garbage-first heap   total 94208K, used 27889K [0x000000070c000000, 0x0000000800000000)
  region size 2048K, 3 young (6144K), 3 survivors (6144K)
 Metaspace       used 69663K, committed 70272K, reserved 1114112K
  class space    used 8962K, committed 9216K, reserved 1048576K
}
Event: 8.307 GC heap before
{Heap before GC invocations=20 (full 0):
 garbage-first heap   total 94208K, used 74993K [0x000000070c000000, 0x0000000800000000)
  region size 2048K, 27 young (55296K), 3 survivors (6144K)
 Metaspace       used 73428K, committed 74112K, reserved 1114112K
  class space    used 9522K, committed 9856K, reserved 1048576K
}
Event: 8.312 GC heap after
{Heap after GC invocations=21 (full 0):
 garbage-first heap   total 94208K, used 32531K [0x000000070c000000, 0x0000000800000000)
  region size 2048K, 4 young (8192K), 4 survivors (8192K)
 Metaspace       used 73428K, committed 74112K, reserved 1114112K
  class space    used 9522K, committed 9856K, reserved 1048576K
}
Event: 8.791 GC heap before
{Heap before GC invocations=21 (full 0):
 garbage-first heap   total 94208K, used 77587K [0x000000070c000000, 0x0000000800000000)
  region size 2048K, 26 young (53248K), 4 survivors (8192K)
 Metaspace       used 76473K, committed 77184K, reserved 1179648K
  class space    used 9990K, committed 10304K, reserved 1048576K
}
Event: 8.799 GC heap after
{Heap after GC invocations=22 (full 0):
 garbage-first heap   total 94208K, used 34156K [0x000000070c000000, 0x0000000800000000)
  region size 2048K, 2 young (4096K), 2 survivors (4096K)
 Metaspace       used 76473K, committed 77184K, reserved 1179648K
  class space    used 9990K, committed 10304K, reserved 1048576K
}
Event: 9.405 GC heap before
{Heap before GC invocations=22 (full 0):
 garbage-first heap   total 94208K, used 79212K [0x000000070c000000, 0x0000000800000000)
  region size 2048K, 25 young (51200K), 2 survivors (4096K)
 Metaspace       used 79518K, committed 80256K, reserved 1179648K
  class space    used 10404K, committed 10752K, reserved 1048576K
}
Event: 9.411 GC heap after
{Heap after GC invocations=23 (full 0):
 garbage-first heap   total 94208K, used 36957K [0x000000070c000000, 0x0000000800000000)
  region size 2048K, 3 young (6144K), 3 survivors (6144K)
 Metaspace       used 79518K, committed 80256K, reserved 1179648K
  class space    used 10404K, committed 10752K, reserved 1048576K
}
Event: 43.740 GC heap before
{Heap before GC invocations=23 (full 0):
 garbage-first heap   total 94208K, used 77917K [0x000000070c000000, 0x0000000800000000)
  region size 2048K, 24 young (49152K), 3 survivors (6144K)
 Metaspace       used 83188K, committed 83904K, reserved 1179648K
  class space    used 10878K, committed 11200K, reserved 1048576K
}
Event: 43.752 GC heap after
{Heap after GC invocations=24 (full 0):
 garbage-first heap   total 94208K, used 38737K [0x000000070c000000, 0x0000000800000000)
  region size 2048K, 3 young (6144K), 3 survivors (6144K)
 Metaspace       used 83188K, committed 83904K, reserved 1179648K
  class space    used 10878K, committed 11200K, reserved 1048576K
}
Event: 269.717 GC heap before
{Heap before GC invocations=24 (full 0):
 garbage-first heap   total 94208K, used 53073K [0x000000070c000000, 0x0000000800000000)
  region size 2048K, 11 young (22528K), 3 survivors (6144K)
 Metaspace       used 83404K, committed 84224K, reserved 1179648K
  class space    used 10918K, committed 11264K, reserved 1048576K
}
Event: 269.792 GC heap after
{Heap after GC invocations=25 (full 1):
 garbage-first heap   total 94208K, used 32969K [0x000000070c000000, 0x0000000800000000)
  region size 2048K, 0 young (0K), 0 survivors (0K)
 Metaspace       used 83400K, committed 84224K, reserved 1179648K
  class space    used 10918K, committed 11264K, reserved 1048576K
}
Event: 270.764 GC heap before
{Heap before GC invocations=25 (full 1):
 garbage-first heap   total 94208K, used 80073K [0x000000070c000000, 0x0000000800000000)
  region size 2048K, 23 young (47104K), 0 survivors (0K)
 Metaspace       used 83505K, committed 84288K, reserved 1179648K
  class space    used 10937K, committed 11264K, reserved 1048576K
}
Event: 270.770 GC heap after
{Heap after GC invocations=26 (full 1):
 garbage-first heap   total 94208K, used 36348K [0x000000070c000000, 0x0000000800000000)
  region size 2048K, 2 young (4096K), 2 survivors (4096K)
 Metaspace       used 83505K, committed 84288K, reserved 1179648K
  class space    used 10937K, committed 11264K, reserved 1048576K
}

Dll operation events (12 events):
Event: 0.017 Loaded shared library C:\DevelopDev\spring-tool-suite-4-4.24.0.RELEASE-e4.32.0-win32.win32.x86_64.self-extracting\sts-4.24.0.RELEASE\plugins\org.eclipse.justj.openjdk.hotspot.jre.full.win32.x86_64_21.0.3.v20240426-1530\jre\bin\java.dll
Event: 0.026 Loaded shared library C:\DevelopDev\spring-tool-suite-4-4.24.0.RELEASE-e4.32.0-win32.win32.x86_64.self-extracting\sts-4.24.0.RELEASE\plugins\org.eclipse.justj.openjdk.hotspot.jre.full.win32.x86_64_21.0.3.v20240426-1530\jre\bin\zip.dll
Event: 0.434 Loaded shared library C:\DevelopDev\spring-tool-suite-4-4.24.0.RELEASE-e4.32.0-win32.win32.x86_64.self-extracting\sts-4.24.0.RELEASE\plugins\org.eclipse.justj.openjdk.hotspot.jre.full.win32.x86_64_21.0.3.v20240426-1530\jre\bin\instrument.dll
Event: 0.450 Loaded shared library C:\DevelopDev\spring-tool-suite-4-4.24.0.RELEASE-e4.32.0-win32.win32.x86_64.self-extracting\sts-4.24.0.RELEASE\plugins\org.eclipse.justj.openjdk.hotspot.jre.full.win32.x86_64_21.0.3.v20240426-1530\jre\bin\net.dll
Event: 0.453 Loaded shared library C:\DevelopDev\spring-tool-suite-4-4.24.0.RELEASE-e4.32.0-win32.win32.x86_64.self-extracting\sts-4.24.0.RELEASE\plugins\org.eclipse.justj.openjdk.hotspot.jre.full.win32.x86_64_21.0.3.v20240426-1530\jre\bin\nio.dll
Event: 0.463 Loaded shared library C:\DevelopDev\spring-tool-suite-4-4.24.0.RELEASE-e4.32.0-win32.win32.x86_64.self-extracting\sts-4.24.0.RELEASE\plugins\org.eclipse.justj.openjdk.hotspot.jre.full.win32.x86_64_21.0.3.v20240426-1530\jre\bin\zip.dll
Event: 0.737 Loaded shared library C:\DevelopDev\spring-tool-suite-4-4.24.0.RELEASE-e4.32.0-win32.win32.x86_64.self-extracting\sts-4.24.0.RELEASE\plugins\org.eclipse.justj.openjdk.hotspot.jre.full.win32.x86_64_21.0.3.v20240426-1530\jre\bin\jimage.dll
Event: 0.809 Loaded shared library C:\DevelopDev\spring-tool-suite-4-4.24.0.RELEASE-e4.32.0-win32.win32.x86_64.self-extracting\sts-4.24.0.RELEASE\plugins\org.eclipse.justj.openjdk.hotspot.jre.full.win32.x86_64_21.0.3.v20240426-1530\jre\bin\management.dll
Event: 0.824 Loaded shared library C:\DevelopDev\spring-tool-suite-4-4.24.0.RELEASE-e4.32.0-win32.win32.x86_64.self-extracting\sts-4.24.0.RELEASE\plugins\org.eclipse.justj.openjdk.hotspot.jre.full.win32.x86_64_21.0.3.v20240426-1530\jre\bin\management_ext.dll
Event: 1.112 Loaded shared library C:\DevelopDev\spring-tool-suite-4-4.24.0.RELEASE-e4.32.0-win32.win32.x86_64.self-extracting\sts-4.24.0.RELEASE\plugins\org.eclipse.justj.openjdk.hotspot.jre.full.win32.x86_64_21.0.3.v20240426-1530\jre\bin\extnet.dll
Event: 1.145 Loaded shared library C:\DevelopDev\spring-tool-suite-4-4.24.0.RELEASE-e4.32.0-win32.win32.x86_64.self-extracting\sts-4.24.0.RELEASE\plugins\org.eclipse.justj.openjdk.hotspot.jre.full.win32.x86_64_21.0.3.v20240426-1530\jre\bin\verify.dll
Event: 2.937 Loaded shared library C:\DevelopDev\spring-tool-suite-4-4.24.0.RELEASE-e4.32.0-win32.win32.x86_64.self-extracting\sts-4.24.0.RELEASE\plugins\org.eclipse.justj.openjdk.hotspot.jre.full.win32.x86_64_21.0.3.v20240426-1530\jre\bin\sunmscapi.dll

Deoptimization events (20 events):
Event: 271.026 Thread 0x000002410f417ab0 DEOPT PACKING pc=0x000002417caa1fec sp=0x000000a778ffa130
Event: 271.026 Thread 0x000002410f417ab0 DEOPT UNPACKING pc=0x000002417c1c4e42 sp=0x000000a778ff9668 mode 1
Event: 271.026 Thread 0x000002410f417ab0 DEOPT PACKING pc=0x000002417caa2ff4 sp=0x000000a778ffa220
Event: 271.026 Thread 0x000002410f417ab0 DEOPT UNPACKING pc=0x000002417c1c4e42 sp=0x000000a778ff97d0 mode 1
Event: 271.026 Thread 0x000002410f417ab0 DEOPT PACKING pc=0x000002417caa0a2c sp=0x000000a778ffa390
Event: 271.026 Thread 0x000002410f417ab0 DEOPT UNPACKING pc=0x000002417c1c4e42 sp=0x000000a778ff9950 mode 1
Event: 271.026 Thread 0x000002410f417ab0 DEOPT PACKING pc=0x000002417caa1fec sp=0x000000a778ffa570
Event: 271.026 Thread 0x000002410f417ab0 DEOPT UNPACKING pc=0x000002417c1c4e42 sp=0x000000a778ff9aa8 mode 1
Event: 271.026 Thread 0x000002410f417ab0 DEOPT PACKING pc=0x000002417caa2ff4 sp=0x000000a778ffa660
Event: 271.026 Thread 0x000002410f417ab0 DEOPT UNPACKING pc=0x000002417c1c4e42 sp=0x000000a778ff9c10 mode 1
Event: 271.026 Thread 0x000002410f417ab0 DEOPT PACKING pc=0x000002417caa0a2c sp=0x000000a778ffa7d0
Event: 271.026 Thread 0x000002410f417ab0 DEOPT UNPACKING pc=0x000002417c1c4e42 sp=0x000000a778ff9d90 mode 1
Event: 271.028 Thread 0x000002410f417ab0 DEOPT PACKING pc=0x000002417cf942c4 sp=0x000000a778ffaaf0
Event: 271.028 Thread 0x000002410f417ab0 DEOPT UNPACKING pc=0x000002417c1c4e42 sp=0x000000a778ffa068 mode 1
Event: 271.036 Thread 0x000002410f417ab0 DEOPT PACKING pc=0x000002417c8cf234 sp=0x000000a778ffb970
Event: 271.036 Thread 0x000002410f417ab0 DEOPT UNPACKING pc=0x000002417c1c4e42 sp=0x000000a778ffaed0 mode 1
Event: 271.036 Thread 0x000002410f417ab0 DEOPT PACKING pc=0x000002417d07b2ec sp=0x000000a778ffba90
Event: 271.036 Thread 0x000002410f417ab0 DEOPT UNPACKING pc=0x000002417c1c4e42 sp=0x000000a778ffaf60 mode 1
Event: 321.767 Thread 0x000002410f417ab0 DEOPT PACKING pc=0x000002417c736344 sp=0x000000a778ffc740
Event: 321.767 Thread 0x000002410f417ab0 DEOPT UNPACKING pc=0x000002417c1c4e42 sp=0x000000a778ffbbf8 mode 0

Classes loaded (20 events):
Event: 262.412 Loading class java/util/concurrent/locks/AbstractQueuedSynchronizer$SharedNode
Event: 262.412 Loading class java/util/concurrent/locks/AbstractQueuedSynchronizer$SharedNode done
Event: 267.438 Loading class java/util/AbstractMap$2
Event: 267.438 Loading class java/util/AbstractMap$2 done
Event: 267.439 Loading class java/util/AbstractMap$2$1
Event: 267.439 Loading class java/util/AbstractMap$2$1 done
Event: 267.444 Loading class sun/security/ssl/Alert
Event: 267.445 Loading class sun/security/ssl/Alert done
Event: 267.445 Loading class sun/security/ssl/Alert$AlertConsumer
Event: 267.446 Loading class sun/security/ssl/Alert$AlertConsumer done
Event: 267.446 Loading class sun/security/ssl/Alert$Level
Event: 267.446 Loading class sun/security/ssl/Alert$Level done
Event: 267.447 Loading class sun/net/ConnectionResetException
Event: 267.447 Loading class sun/net/ConnectionResetException done
Event: 269.715 Loading class java/util/WeakHashMap$KeyIterator
Event: 269.715 Loading class java/util/WeakHashMap$KeyIterator done
Event: 269.792 Loading class java/lang/ref/Finalizer$2
Event: 269.792 Loading class java/lang/ref/Finalizer$2 done
Event: 269.795 Loading class java/lang/ref/Finalizer$1
Event: 269.795 Loading class java/lang/ref/Finalizer$1 done

Classes unloaded (1 events):
Event: 269.741 Thread 0x000002410741ec10 Unloading class 0x0000000800928800 'jdk/internal/reflect/GeneratedSerializationConstructorAccessor18'

Classes redefined (3 events):
Event: 261.172 Thread 0x000002410741ec10 redefined class name=com.hg.web.service.impl.S3ImgUploadService, count=1
Event: 321.816 Thread 0x000002410741ec10 redefined class name=com.hg.web.service.impl.S3ImgUploadService, count=1
Event: 321.816 Thread 0x000002410741ec10 redefined class name=com.hg.web.service.impl.S3ImgUploadService, count=2

Internal exceptions (20 events):
Event: 267.448 Thread 0x000002410f417ab0 Exception <a 'java/io/IOException'{0x0000000710d87108}> (0x0000000710d87108) 
thrown [s\src\hotspot\share\prims\jni.cpp, line 520]
Event: 267.449 Thread 0x000002410f417ab0 Exception <a 'java/io/IOException'{0x0000000710d88f68}> (0x0000000710d88f68) 
thrown [s\src\hotspot\share\prims\jni.cpp, line 520]
Event: 267.449 Thread 0x000002410f417ab0 Exception <a 'java/net/SocketException'{0x0000000710d8ad78}: Connection reset by peer: shutdown> (0x0000000710d8ad78) 
thrown [s\src\hotspot\share\prims\jni.cpp, line 539]
Event: 267.450 Thread 0x000002410f417ab0 Exception <a 'java/io/IOException'{0x0000000710d8d4a8}> (0x0000000710d8d4a8) 
thrown [s\src\hotspot\share\prims\jni.cpp, line 520]
Event: 267.451 Thread 0x000002410f417ab0 Exception <a 'java/net/SocketException'{0x0000000710d8f2e8}: Connection reset by peer: shutdown> (0x0000000710d8f2e8) 
thrown [s\src\hotspot\share\prims\jni.cpp, line 539]
Event: 267.452 Thread 0x000002410f417ab0 Exception <a 'java/io/IOException'{0x0000000710d919f0}> (0x0000000710d919f0) 
thrown [s\src\hotspot\share\prims\jni.cpp, line 520]
Event: 267.453 Thread 0x000002410f417ab0 Exception <a 'java/io/IOException'{0x0000000710d92610}> (0x0000000710d92610) 
thrown [s\src\hotspot\share\prims\jni.cpp, line 520]
Event: 269.716 Thread 0x000002410ce096a0 Exception <a 'java/lang/InterruptedException'{0x0000000710df4790}: sleep interrupted> (0x0000000710df4790) 
thrown [s\src\hotspot\share\prims\jvm.cpp, line 3074]
Event: 269.831 Thread 0x000002410f417ab0 Exception <a 'sun/nio/fs/WindowsException'{0x000000071b293e08}> (0x000000071b293e08) 
thrown [s\src\hotspot\share\prims\jni.cpp, line 520]
Event: 270.551 Thread 0x000002410f417ab0 Exception <a 'java/lang/NoClassDefFoundError'{0x000000070fa65208}: org/flywaydb/core/Flyway> (0x000000070fa65208) 
thrown [s\src\hotspot\share\oops\constantPool.cpp, line 873]
Event: 270.552 Thread 0x000002410f417ab0 Exception <a 'java/lang/NoClassDefFoundError'{0x000000070fa65868}: liquibase/integration/spring/SpringLiquibase> (0x000000070fa65868) 
thrown [s\src\hotspot\share\oops\constantPool.cpp, line 873]
Event: 270.559 Thread 0x000002410f417ab0 Exception <a 'java/lang/NoClassDefFoundError'{0x000000070fadf570}: org/jooq/DSLContext> (0x000000070fadf570) 
thrown [s\src\hotspot\share\oops\constantPool.cpp, line 873]
Event: 270.561 Thread 0x000002410f417ab0 Exception <a 'java/lang/NoClassDefFoundError'{0x000000070faec2e0}: org/springframework/batch/core/repository/JobRepository> (0x000000070faec2e0) 
thrown [s\src\hotspot\share\oops\constantPool.cpp, line 873]
Event: 270.562 Thread 0x000002410f417ab0 Exception <a 'java/lang/NoClassDefFoundError'{0x000000070faec938}: org/quartz/Scheduler> (0x000000070faec938) 
thrown [s\src\hotspot\share\oops\constantPool.cpp, line 873]
Event: 270.562 Thread 0x000002410f417ab0 Exception <a 'java/lang/NoClassDefFoundError'{0x000000070faecfb8}: org/springframework/session/jdbc/JdbcIndexedSessionRepository> (0x000000070faecfb8) 
thrown [s\src\hotspot\share\oops\constantPool.cpp, line 873]
Event: 270.682 Thread 0x000002410f417ab0 Exception <a 'java/io/FileNotFoundException'{0x000000070f3b2390}> (0x000000070f3b2390) 
thrown [s\src\hotspot\share\prims\jni.cpp, line 520]
Event: 270.714 Thread 0x000002410f417ab0 Exception <a 'java/io/FileNotFoundException'{0x000000070f07c040}> (0x000000070f07c040) 
thrown [s\src\hotspot\share\prims\jni.cpp, line 520]
Event: 270.747 Thread 0x000002410f417ab0 Exception <a 'java/io/FileNotFoundException'{0x000000070ee58ea0}> (0x000000070ee58ea0) 
thrown [s\src\hotspot\share\prims\jni.cpp, line 520]
Event: 270.987 Thread 0x000002410f417ab0 Exception <a 'java/io/FileNotFoundException'{0x000000071095c840}> (0x000000071095c840) 
thrown [s\src\hotspot\share\prims\jni.cpp, line 520]
Event: 270.988 Thread 0x000002410f417ab0 Exception <a 'java/io/FileNotFoundException'{0x0000000710966fb8}> (0x0000000710966fb8) 
thrown [s\src\hotspot\share\prims\jni.cpp, line 520]

ZGC Phase Switch (0 events):
No events

VM Operations (20 events):
Event: 272.015 Executing VM operation: Cleanup done
Event: 275.043 Executing VM operation: Cleanup
Event: 275.043 Executing VM operation: Cleanup done
Event: 300.729 Executing VM operation: HandshakeAllThreads (HandshakeForDeflation)
Event: 300.729 Executing VM operation: HandshakeAllThreads (HandshakeForDeflation) done
Event: 300.729 Executing VM operation: RendezvousGCThreads
Event: 300.729 Executing VM operation: RendezvousGCThreads done
Event: 321.767 Executing VM operation: ChangeSingleStep
Event: 321.767 Executing VM operation: ChangeSingleStep done
Event: 321.767 Executing VM operation: ChangeSingleStep
Event: 321.767 Executing VM operation: ChangeSingleStep done
Event: 321.796 Executing VM operation: RedefineClasses
Event: 321.865 Executing VM operation: RedefineClasses done
Event: 322.181 Executing VM operation: ChangeBreakpoints
Event: 322.186 Executing VM operation: ChangeBreakpoints done
Event: 322.209 Executing VM operation: ChangeBreakpoints
Event: 322.215 Executing VM operation: ChangeBreakpoints done
Event: 322.237 Executing VM operation: ChangeSingleStep
Event: 322.237 Executing VM operation: ChangeSingleStep done
Event: 322.240 Executing VM operation: GetObjectMonitorUsage

Events (20 events):
Event: 269.753 Thread 0x000002410741ec10 flushing nmethod 0x000002417c299b10
Event: 269.753 Thread 0x000002410741ec10 flushing nmethod 0x000002417c288290
Event: 269.795 Thread 0x000002410f41bc50 Thread added: 0x000002410f41bc50
Event: 269.796 Thread 0x000002410f41bc50 Thread exited: 0x000002410f41bc50
Event: 269.796 Thread 0x000002410f417ab0 Thread added: 0x000002410f417ab0
Event: 269.852 Thread 0x000002410c6e0f20 Thread added: 0x000002410c6e0f20
Event: 269.852 Thread 0x000002410c6e0180 Thread added: 0x000002410c6e0180
Event: 269.983 Thread 0x000002410f41a8a0 Thread added: 0x000002410f41a8a0
Event: 270.070 Thread 0x000002410f41a8a0 Thread exited: 0x000002410f41a8a0
Event: 270.748 Thread 0x000002410f4194f0 Thread added: 0x000002410f4194f0
Event: 270.748 Thread 0x000002410f417420 Thread added: 0x000002410f417420
Event: 270.749 Thread 0x000002410f41a8a0 Thread added: 0x000002410f41a8a0
Event: 270.818 Thread 0x000002410c6e0850 Thread added: 0x000002410c6e0850
Event: 270.822 Thread 0x000002410f416d90 Thread added: 0x000002410f416d90
Event: 270.926 Thread 0x000002410f419b80 Thread added: 0x000002410f419b80
Event: 271.028 Thread 0x000002410f41af30 Thread added: 0x000002410f41af30
Event: 276.321 Thread 0x000002410c6e0850 Thread exited: 0x000002410c6e0850
Event: 276.321 Thread 0x000002410c6e0180 Thread exited: 0x000002410c6e0180
Event: 276.367 Thread 0x000002410f419b80 Thread exited: 0x000002410f419b80
Event: 281.322 Thread 0x000002410c6e0f20 Thread exited: 0x000002410c6e0f20


Dynamic libraries:
0x00007ff67f2d0000 - 0x00007ff67f2de000 	C:\DevelopDev\spring-tool-suite-4-4.24.0.RELEASE-e4.32.0-win32.win32.x86_64.self-extracting\sts-4.24.0.RELEASE\plugins\org.eclipse.justj.openjdk.hotspot.jre.full.win32.x86_64_21.0.3.v20240426-1530\jre\bin\javaw.exe
0x00007ffc77a70000 - 0x00007ffc77c87000 	C:\WINDOWS\SYSTEM32\ntdll.dll
0x00007ffc76390000 - 0x00007ffc76454000 	C:\WINDOWS\System32\KERNEL32.DLL
0x00007ffc74df0000 - 0x00007ffc7519d000 	C:\WINDOWS\System32\KERNELBASE.dll
0x00007ffc751a0000 - 0x00007ffc752b1000 	C:\WINDOWS\System32\ucrtbase.dll
0x00007ffc64710000 - 0x00007ffc64728000 	C:\DevelopDev\spring-tool-suite-4-4.24.0.RELEASE-e4.32.0-win32.win32.x86_64.self-extracting\sts-4.24.0.RELEASE\plugins\org.eclipse.justj.openjdk.hotspot.jre.full.win32.x86_64_21.0.3.v20240426-1530\jre\bin\jli.dll
0x00007ffc77780000 - 0x00007ffc7792e000 	C:\WINDOWS\System32\USER32.dll
0x00007ffc5f5b0000 - 0x00007ffc5f5cb000 	C:\DevelopDev\spring-tool-suite-4-4.24.0.RELEASE-e4.32.0-win32.win32.x86_64.self-extracting\sts-4.24.0.RELEASE\plugins\org.eclipse.justj.openjdk.hotspot.jre.full.win32.x86_64_21.0.3.v20240426-1530\jre\bin\VCRUNTIME140.dll
0x00007ffc74d90000 - 0x00007ffc74db6000 	C:\WINDOWS\System32\win32u.dll
0x00007ffc76b50000 - 0x00007ffc76b79000 	C:\WINDOWS\System32\GDI32.dll
0x00007ffc75520000 - 0x00007ffc75639000 	C:\WINDOWS\System32\gdi32full.dll
0x00007ffc75640000 - 0x00007ffc756da000 	C:\WINDOWS\System32\msvcp_win.dll
0x00007ffc60360000 - 0x00007ffc605f3000 	C:\WINDOWS\WinSxS\amd64_microsoft.windows.common-controls_6595b64144ccf1df_6.0.22621.3672_none_2713b9d173822955\COMCTL32.dll
0x00007ffc76460000 - 0x00007ffc76507000 	C:\WINDOWS\System32\msvcrt.dll
0x00007ffc75fa0000 - 0x00007ffc75fd1000 	C:\WINDOWS\System32\IMM32.DLL
0x00007ffc646c0000 - 0x00007ffc646cc000 	C:\DevelopDev\spring-tool-suite-4-4.24.0.RELEASE-e4.32.0-win32.win32.x86_64.self-extracting\sts-4.24.0.RELEASE\plugins\org.eclipse.justj.openjdk.hotspot.jre.full.win32.x86_64_21.0.3.v20240426-1530\jre\bin\vcruntime140_1.dll
0x00007ffc4beb0000 - 0x00007ffc4bf3e000 	C:\DevelopDev\spring-tool-suite-4-4.24.0.RELEASE-e4.32.0-win32.win32.x86_64.self-extracting\sts-4.24.0.RELEASE\plugins\org.eclipse.justj.openjdk.hotspot.jre.full.win32.x86_64_21.0.3.v20240426-1530\jre\bin\msvcp140.dll
0x00007ffbc7140000 - 0x00007ffbc7ec2000 	C:\DevelopDev\spring-tool-suite-4-4.24.0.RELEASE-e4.32.0-win32.win32.x86_64.self-extracting\sts-4.24.0.RELEASE\plugins\org.eclipse.justj.openjdk.hotspot.jre.full.win32.x86_64_21.0.3.v20240426-1530\jre\bin\server\jvm.dll
0x00007ffc75d30000 - 0x00007ffc75de2000 	C:\WINDOWS\System32\ADVAPI32.dll
0x00007ffc75c80000 - 0x00007ffc75d29000 	C:\WINDOWS\System32\sechost.dll
0x00007ffc74dc0000 - 0x00007ffc74de8000 	C:\WINDOWS\System32\bcrypt.dll
0x00007ffc75e80000 - 0x00007ffc75f94000 	C:\WINDOWS\System32\RPCRT4.dll
0x00007ffc76ac0000 - 0x00007ffc76b31000 	C:\WINDOWS\System32\WS2_32.dll
0x00007ffc74660000 - 0x00007ffc746ad000 	C:\WINDOWS\SYSTEM32\POWRPROF.dll
0x00007ffc6ecd0000 - 0x00007ffc6ed04000 	C:\WINDOWS\SYSTEM32\WINMM.dll
0x00007ffc6a3a0000 - 0x00007ffc6a3aa000 	C:\WINDOWS\SYSTEM32\VERSION.dll
0x00007ffc74640000 - 0x00007ffc74653000 	C:\WINDOWS\SYSTEM32\UMPDC.dll
0x00007ffc73de0000 - 0x00007ffc73df8000 	C:\WINDOWS\SYSTEM32\kernel.appcore.dll
0x00007ffc6eb20000 - 0x00007ffc6eb2a000 	C:\DevelopDev\spring-tool-suite-4-4.24.0.RELEASE-e4.32.0-win32.win32.x86_64.self-extracting\sts-4.24.0.RELEASE\plugins\org.eclipse.justj.openjdk.hotspot.jre.full.win32.x86_64_21.0.3.v20240426-1530\jre\bin\jimage.dll
0x00007ffc721b0000 - 0x00007ffc723e2000 	C:\WINDOWS\SYSTEM32\DBGHELP.DLL
0x00007ffc773f0000 - 0x00007ffc7777e000 	C:\WINDOWS\System32\combase.dll
0x00007ffc767b0000 - 0x00007ffc76887000 	C:\WINDOWS\System32\OLEAUT32.dll
0x00007ffc5cae0000 - 0x00007ffc5cb12000 	C:\WINDOWS\SYSTEM32\dbgcore.DLL
0x00007ffc752c0000 - 0x00007ffc7533b000 	C:\WINDOWS\System32\bcryptPrimitives.dll
0x00007ffc5f110000 - 0x00007ffc5f14c000 	C:\DevelopDev\spring-tool-suite-4-4.24.0.RELEASE-e4.32.0-win32.win32.x86_64.self-extracting\sts-4.24.0.RELEASE\plugins\org.eclipse.justj.openjdk.hotspot.jre.full.win32.x86_64_21.0.3.v20240426-1530\jre\bin\jdwp.dll
0x00007ffc6cb00000 - 0x00007ffc6cb0f000 	C:\DevelopDev\spring-tool-suite-4-4.24.0.RELEASE-e4.32.0-win32.win32.x86_64.self-extracting\sts-4.24.0.RELEASE\plugins\org.eclipse.justj.openjdk.hotspot.jre.full.win32.x86_64_21.0.3.v20240426-1530\jre\bin\instrument.dll
0x00007ffc6caa0000 - 0x00007ffc6cabf000 	C:\DevelopDev\spring-tool-suite-4-4.24.0.RELEASE-e4.32.0-win32.win32.x86_64.self-extracting\sts-4.24.0.RELEASE\plugins\org.eclipse.justj.openjdk.hotspot.jre.full.win32.x86_64_21.0.3.v20240426-1530\jre\bin\java.dll
0x00007ffc645c0000 - 0x00007ffc645d8000 	C:\DevelopDev\spring-tool-suite-4-4.24.0.RELEASE-e4.32.0-win32.win32.x86_64.self-extracting\sts-4.24.0.RELEASE\plugins\org.eclipse.justj.openjdk.hotspot.jre.full.win32.x86_64_21.0.3.v20240426-1530\jre\bin\zip.dll
0x00007ffc76b80000 - 0x00007ffc773e7000 	C:\WINDOWS\System32\SHELL32.dll
0x00007ffc72d10000 - 0x00007ffc7360f000 	C:\WINDOWS\SYSTEM32\windows.storage.dll
0x00007ffc72bd0000 - 0x00007ffc72d0f000 	C:\WINDOWS\SYSTEM32\wintypes.dll
0x00007ffc77930000 - 0x00007ffc77a29000 	C:\WINDOWS\System32\SHCORE.dll
0x00007ffc76a60000 - 0x00007ffc76abe000 	C:\WINDOWS\System32\shlwapi.dll
0x00007ffc74cc0000 - 0x00007ffc74ce7000 	C:\WINDOWS\SYSTEM32\profapi.dll
0x00007ffc6edf0000 - 0x00007ffc6edfb000 	C:\DevelopDev\spring-tool-suite-4-4.24.0.RELEASE-e4.32.0-win32.win32.x86_64.self-extracting\sts-4.24.0.RELEASE\plugins\org.eclipse.justj.openjdk.hotspot.jre.full.win32.x86_64_21.0.3.v20240426-1530\jre\bin\dt_socket.dll
0x00007ffc73870000 - 0x00007ffc7389d000 	C:\WINDOWS\SYSTEM32\IPHLPAPI.DLL
0x00007ffc742c0000 - 0x00007ffc74329000 	C:\WINDOWS\system32\mswsock.dll
0x00007ffc738a0000 - 0x00007ffc73998000 	C:\WINDOWS\SYSTEM32\DNSAPI.dll
0x00007ffc757a0000 - 0x00007ffc757a9000 	C:\WINDOWS\System32\NSI.dll
0x00007ffc70670000 - 0x00007ffc7067a000 	C:\Windows\System32\rasadhlp.dll
0x00007ffc6f910000 - 0x00007ffc6f993000 	C:\WINDOWS\System32\fwpuclnt.dll
0x00007ffc6bbc0000 - 0x00007ffc6bbd0000 	C:\DevelopDev\spring-tool-suite-4-4.24.0.RELEASE-e4.32.0-win32.win32.x86_64.self-extracting\sts-4.24.0.RELEASE\plugins\org.eclipse.justj.openjdk.hotspot.jre.full.win32.x86_64_21.0.3.v20240426-1530\jre\bin\net.dll
0x00007ffc708f0000 - 0x00007ffc70a26000 	C:\WINDOWS\SYSTEM32\WINHTTP.dll
0x00007ffc64580000 - 0x00007ffc64596000 	C:\DevelopDev\spring-tool-suite-4-4.24.0.RELEASE-e4.32.0-win32.win32.x86_64.self-extracting\sts-4.24.0.RELEASE\plugins\org.eclipse.justj.openjdk.hotspot.jre.full.win32.x86_64_21.0.3.v20240426-1530\jre\bin\nio.dll
0x00007ffc64600000 - 0x00007ffc6460a000 	C:\DevelopDev\spring-tool-suite-4-4.24.0.RELEASE-e4.32.0-win32.win32.x86_64.self-extracting\sts-4.24.0.RELEASE\plugins\org.eclipse.justj.openjdk.hotspot.jre.full.win32.x86_64_21.0.3.v20240426-1530\jre\bin\management.dll
0x00007ffc64570000 - 0x00007ffc6457b000 	C:\DevelopDev\spring-tool-suite-4-4.24.0.RELEASE-e4.32.0-win32.win32.x86_64.self-extracting\sts-4.24.0.RELEASE\plugins\org.eclipse.justj.openjdk.hotspot.jre.full.win32.x86_64_21.0.3.v20240426-1530\jre\bin\management_ext.dll
0x00007ffc75df0000 - 0x00007ffc75df8000 	C:\WINDOWS\System32\PSAPI.DLL
0x00007ffc5ef20000 - 0x00007ffc5ef37000 	C:\WINDOWS\system32\napinsp.dll
0x00007ffc5ef00000 - 0x00007ffc5ef1b000 	C:\WINDOWS\system32\pnrpnsp.dll
0x00007ffc5eee0000 - 0x00007ffc5eef1000 	C:\WINDOWS\System32\winrnr.dll
0x00007ffc6ef40000 - 0x00007ffc6ef55000 	C:\WINDOWS\system32\wshbth.dll
0x00007ffc5e830000 - 0x00007ffc5e857000 	C:\WINDOWS\system32\nlansp_c.dll
0x00007ffc74510000 - 0x00007ffc7452b000 	C:\WINDOWS\SYSTEM32\CRYPTSP.dll
0x00007ffc73d40000 - 0x00007ffc73d75000 	C:\WINDOWS\system32\rsaenh.dll
0x00007ffc743b0000 - 0x00007ffc743d8000 	C:\WINDOWS\SYSTEM32\USERENV.dll
0x00007ffc74620000 - 0x00007ffc7462c000 	C:\WINDOWS\SYSTEM32\CRYPTBASE.dll
0x00007ffc64700000 - 0x00007ffc64709000 	C:\DevelopDev\spring-tool-suite-4-4.24.0.RELEASE-e4.32.0-win32.win32.x86_64.self-extracting\sts-4.24.0.RELEASE\plugins\org.eclipse.justj.openjdk.hotspot.jre.full.win32.x86_64_21.0.3.v20240426-1530\jre\bin\extnet.dll
0x00007ffc65590000 - 0x00007ffc655a0000 	C:\DevelopDev\spring-tool-suite-4-4.24.0.RELEASE-e4.32.0-win32.win32.x86_64.self-extracting\sts-4.24.0.RELEASE\plugins\org.eclipse.justj.openjdk.hotspot.jre.full.win32.x86_64_21.0.3.v20240426-1530\jre\bin\verify.dll
0x00007ffc65550000 - 0x00007ffc6555e000 	C:\DevelopDev\spring-tool-suite-4-4.24.0.RELEASE-e4.32.0-win32.win32.x86_64.self-extracting\sts-4.24.0.RELEASE\plugins\org.eclipse.justj.openjdk.hotspot.jre.full.win32.x86_64_21.0.3.v20240426-1530\jre\bin\sunmscapi.dll
0x00007ffc753b0000 - 0x00007ffc75516000 	C:\WINDOWS\System32\CRYPT32.dll
0x00007ffc74750000 - 0x00007ffc7477e000 	C:\WINDOWS\SYSTEM32\ncrypt.dll
0x00007ffc74710000 - 0x00007ffc74747000 	C:\WINDOWS\SYSTEM32\NTASN1.dll
0x00007ffc70bc0000 - 0x00007ffc70bc8000 	C:\WINDOWS\system32\wshunix.dll

dbghelp: loaded successfully - version: 4.0.5 - missing functions: none
symbol engine: initialized successfully - sym options: 0x614 - pdb path: .;C:\DevelopDev\spring-tool-suite-4-4.24.0.RELEASE-e4.32.0-win32.win32.x86_64.self-extracting\sts-4.24.0.RELEASE\plugins\org.eclipse.justj.openjdk.hotspot.jre.full.win32.x86_64_21.0.3.v20240426-1530\jre\bin;C:\WINDOWS\SYSTEM32;C:\WINDOWS\WinSxS\amd64_microsoft.windows.common-controls_6595b64144ccf1df_6.0.22621.3672_none_2713b9d173822955;C:\DevelopDev\spring-tool-suite-4-4.24.0.RELEASE-e4.32.0-win32.win32.x86_64.self-extracting\sts-4.24.0.RELEASE\plugins\org.eclipse.justj.openjdk.hotspot.jre.full.win32.x86_64_21.0.3.v20240426-1530\jre\bin\server

VM Arguments:
jvm_args: -XX:+ShowCodeDetailsInExceptionMessages -agentlib:jdwp=transport=dt_socket,suspend=y,address=localhost:57152 -Dcom.sun.management.jmxremote -Dcom.sun.management.jmxremote.port=57150 -Dcom.sun.management.jmxremote.authenticate=false -Dcom.sun.management.jmxremote.ssl=false -Djava.rmi.server.hostname=localhost -Dspring.jmx.enabled=true -Dmanagement.endpoints.jmx.exposure.include=* -Dspring.application.admin.enabled=true -XX:TieredStopAtLevel=1 -Dspring.boot.project.name=MySecurityProject_1 -javaagent:C:\DevelopDev\spring-tool-suite-4-4.24.0.RELEASE-e4.32.0-win32.win32.x86_64.self-extracting\sts-4.24.0.RELEASE\configuration\org.eclipse.osgi\270\0\.cp\lib\javaagent-shaded.jar -Dfile.encoding=UTF-8 -Dstdout.encoding=UTF-8 -Dstderr.encoding=UTF-8 
java_command: com.hg.web.MySecurityProject1Application --spring.output.ansi.enabled=always
java_class_path (initial): C:\Users\aamum\git\MySecurityProject\MySecurityProject_1\target\classes;C:\Users\aamum\.m2\repository\org\springframework\boot\spring-boot-starter-security\3.3.3\spring-boot-starter-security-3.3.3.jar;C:\Users\aamum\.m2\repository\org\springframework\boot\spring-boot-starter\3.3.3\spring-boot-starter-3.3.3.jar;C:\Users\aamum\.m2\repository\org\springframework\boot\spring-boot-starter-logging\3.3.3\spring-boot-starter-logging-3.3.3.jar;C:\Users\aamum\.m2\repository\ch\qos\logback\logback-classic\1.5.7\logback-classic-1.5.7.jar;C:\Users\aamum\.m2\repository\ch\qos\logback\logback-core\1.5.7\logback-core-1.5.7.jar;C:\Users\aamum\.m2\repository\org\apache\logging\log4j\log4j-to-slf4j\2.23.1\log4j-to-slf4j-2.23.1.jar;C:\Users\aamum\.m2\repository\org\apache\logging\log4j\log4j-api\2.23.1\log4j-api-2.23.1.jar;C:\Users\aamum\.m2\repository\org\slf4j\jul-to-slf4j\2.0.16\jul-to-slf4j-2.0.16.jar;C:\Users\aamum\.m2\repository\org\yaml\snakeyaml\2.2\snakeyaml-2.2.jar;C:\Users\aamum\.m2\repository\org\springframework\spring-aop\6.1.12\spring-aop-6.1.12.jar;C:\Users\aamum\.m2\repository\org\springframework\spring-beans\6.1.12\spring-beans-6.1.12.jar;C:\Users\aamum\.m2\repository\org\springframework\security\spring-security-config\6.3.3\spring-security-config-6.3.3.jar;C:\Users\aamum\.m2\repository\org\springframework\spring-context\6.1.12\spring-context-6.1.12.jar;C:\Users\aamum\.m2\repository\org\springframework\security\spring-security-web\6.3.3\spring-security-web-6.3.3.jar;C:\Users\aamum\.m2\repository\org\springframework\spring-expression\6.1.12\spring-expression-6.1.12.jar;C:\Users\aamum\.m2\repository\org\springframework\boot\spring-boot-starter-thymeleaf\3.3.3\spring-boot-starter-thymeleaf-3.3.3.jar;C:\Users\aamum\.m2\repository\org\thymeleaf\thymeleaf-spring6\3.1.2.RELEASE\thymeleaf-spring6-3.1.2.RELEASE.jar;C:\Users\aamum\.m2\repository\org\thymeleaf\thymeleaf\3.1.2.RELEASE\thymeleaf-3.1.2.RELEASE.jar;C:\Users\aamum\.m2\repository\org\attoparser\attoparser\2.0.7.RELEASE\attoparser-2.0.7.RELEASE.jar;C:\Users\aamum\.m2\repository\org\unbescape\unbescape\1.1.6.RELEASE\unbescape-1.1.6.RELEASE.jar;C:\Users\aamum\.m2\repository\org\springframework\boot\spring-boot-starter-web\3.3.3\spring-boot-starter-web-3.3.3.jar;C:\Users\aamum\.m2\repository\org\springframework\boot\spring-boot-starter-json\3.3.3\spring-boot-starter-json-3.3.3.jar;C:\Users\aamum\.m2\repository\com\fasterxml\jackson\core\jackson-databind\2.17.2\jackson-databind-2.17.2.jar;C:\Users\aamum\.m2\repository\com\fasterxml\jackson\core\jackson-annotations\2.17.2\jackson-annotations-2.17.2.jar;C:\Users\aamum\.m2\repository\com\fasterxml\jackson\core\jackson-core\2.17.2\jackson-core-2.17.2.jar;C:\Users\aamum\.m2\repository\com\fasterxml\jackson\datatype\jackson-datatype-jdk8\2.17.2\jackson-datatype-jdk8-2.17.2.jar;C:\Users\aamum\.m2\repository\com\fasterxml\jackson\datatype\jackson-datatype-jsr310\2.17.2\jackson-datatype-jsr310-2.17.2.jar;C:\Users\aamum\.m2\repository\com\fasterxml\jackson\module\jackson-module-parameter-names\2.17.2\jackson-module-parameter-names-2.17.2.jar;C:\Users\aamum\.m2\repository\org\springframework\spring-web\6.1.12\spring-web-6.1.12.jar;C:\Users\aamum\.m2\repository\io\micrometer\micrometer-observation\1.13.3\micrometer-observation-1.13.3.jar;C:\Users\aamum\.m2\repository\io\micrometer\micrometer-commons\1.13.3\micrometer-commons-1.13.3.jar;C:\Users\aamum\.m2\repository\org\springframework\spring-webmvc\6.1.12\spring-webmvc-6.1.12.jar;C:\Users\aamum\.m2\repository\org\springframework\boot\spring-boot-starter-web-services\3.3.3\spring-boot-starter-web-services-3.3.3.jar;C:\Users\aamum\.m2\repository\com\sun\xml\messaging\saaj\saaj-impl\3.0.4\saaj-impl-3.0.4.jar;C:\Users\aamum\.m2\repository\jakarta\xml\soap\jakarta.xml.soap-api\3.0.2\jakarta.xml.soap-api-3.0.2.jar;C:\Users\aamum\.m2\repository\org\jvnet\staxex\stax-ex\2.1.0\stax-ex-2.1.0.jar;C:\Users\aamum\.m2\repository\jakarta\activation\jakarta.activation-api\2.1.3\jakarta.activation-api-2.1.3.jar;C:\Users\aamum\.m2\repository\org\eclipse\angus\angus-activation\2.0.2\angus-activation-2.0.2.jar;C:\Users\aamum\.m2\repository\jakarta\xml\ws\jakarta.xml.ws-api\4.0.2\jakarta.xml.ws-api-4.0.2.jar;C:\Users\aamum\.m2\repository\org\springframework\spring-oxm\6.1.12\spring-oxm-6.1.12.jar;C:\Users\aamum\.m2\repository\org\springframework\ws\spring-ws-core\4.0.11\spring-ws-core-4.0.11.jar;C:\Users\aamum\.m2\repository\org\springframework\ws\spring-xml\4.0.11\spring-xml-4.0.11.jar;C:\Users\aamum\.m2\repository\org\glassfish\jaxb\jaxb-runtime\4.0.5\jaxb-runtime-4.0.5.jar;C:\Users\aamum\.m2\repository\org\glassfish\jaxb\jaxb-core\4.0.5\jaxb-core-4.0.5.jar;C:\Users\aamum\.m2\repository\org\glassfish\jaxb\txw2\4.0.5\txw2-4.0.5.jar;C:\Users\aamum\.m2\repository\com\sun\istack\istack-commons-runtime\4.1.2\istack-commons-runtime-4.1.2.jar;C:\Users\aamum\.m2\repository\org\mybatis\spring\boot\mybatis-spring-boot-starter\3.0.3\mybatis-spring-boot-starter-3.0.3.jar;C:\Users\aamum\.m2\repository\org\springframework\boot\spring-boot-starter-jdbc\3.3.3\spring-boot-starter-jdbc-3.3.3.jar;C:\Users\aamum\.m2\repository\com\zaxxer\HikariCP\5.1.0\HikariCP-5.1.0.jar;C:\Users\aamum\.m2\repository\org\springframework\spring-jdbc\6.1.12\spring-jdbc-6.1.12.jar;C:\Users\aamum\.m2\repository\org\mybatis\spring\boot\mybatis-spring-boot-autoconfigure\3.0.3\mybatis-spring-boot-autoconfigure-3.0.3.jar;C:\Users\aamum\.m2\repository\org\mybatis\mybatis\3.5.14\mybatis-3.5.14.jar;C:\Users\aamum\.m2\repository\org\mybatis\mybatis-spring\3.0.3\mybatis-spring-3.0.3.jar;C:\Users\aamum\.m2\repository\org\thymeleaf\extras\thymeleaf-extras-springsecurity6\3.1.2.RELEASE\thymeleaf-extras-springsecurity6-3.1.2.RELEASE.jar;C:\Users\aamum\.m2\repository\org\slf4j\slf4j-api\2.0.16\slf4j-api-2.0.16.jar;C:\Users\aamum\.m2\repository\org\springframework\boot\spring-boot-devtools\3.3.3\spring-boot-devtools-3.3.3.jar;C:\Users\aamum\.m2\repository\org\springframework\boot\spring-boot\3.3.3\spring-boot-3.3.3.jar;C:\Users\aamum\.m2\repository\org\springframework\boot\spring-boot-autoconfigure\3.3.3\spring-boot-autoconfigure-3.3.3.jar;C:\Users\aamum\.m2\repository\com\mysql\mysql-connector-j\8.3.0\mysql-connector-j-8.3.0.jar;C:\Users\aamum\.m2\repository\org\projectlombok\lombok\1.18.34\lombok-1.18.34.jar;C:\Users\aamum\.m2\repository\org\springframework\boot\spring-boot-starter-tomcat\3.3.3\spring-boot-starter-tomcat-3.3.3.jar;C:\Users\aamum\.m2\repository\jakarta\annotation\jakarta.annotation-api\2.1.1\jakarta.annotation-api-2.1.1.jar;C:\Users\aamum\.m2\repository\org\apache\tomcat\embed\tomcat-embed-core\10.1.28\tomcat-embed-core-10.1.28.jar;C:\Users\aamum\.m2\repository\org\apache\tomcat\embed\tomcat-embed-el\10.1.28\tomcat-embed-el-10.1.28.jar;C:\Users\aamum\.m2\repository\org\apache\tomcat\embed\tomcat-embed-websocket\10.1.28\tomcat-embed-websocket-10.1.28.jar;C:\Users\aamum\.m2\repository\jakarta\xml\bind\jakarta.xml.bind-api\4.0.2\jakarta.xml.bind-api-4.0.2.jar;C:\Users\aamum\.m2\repository\net\bytebuddy\byte-buddy\1.14.19\byte-buddy-1.14.19.jar;C:\Users\aamum\.m2\repository\org\springframework\spring-core\6.1.12\spring-core-6.1.12.jar;C:\Users\aamum\.m2\repository\org\springframework\spring-jcl\6.1.12\spring-jcl-6.1.12.jar;C:\Users\aamum\.m2\repository\org\springframework\spring-tx\6.1.12\spring-tx-6.1.12.jar;C:\Users\aamum\.m2\repository\org\springframework\security\spring-security-core\6.3.3\spring-security-core-6.3.3.jar;C:\Users\aamum\.m2\repository\org\springframework\security\spring-security-crypto\6.3.3\spring-security-crypto-6.3.3.jar;C:\Users\aamum\.m2\repository\org\springframework\boot\spring-boot-starter-validation\3.3.3\spring-boot-starter-validation-3.3.3.jar;C:\Users\aamum\.m2\repository\org\hibernate\validator\hibernate-validator\8.0.1.Final\hibernate-validator-8.0.1.Final.jar;C:\Users\aamum\.m2\repository\jakarta\validation\jakarta.validation-api\3.0.2\jakarta.validation-api-3.0.2.jar;C:\Users\aamum\.m2\repository\org\jboss\logging\jboss-logging\3.5.3.Final\jboss-logging-3.5.3.Final.jar;C:\Users\aamum\.m2\repository\com\fasterxml\classmate\1.7.0\classmate-1.7.0.jar;C:\DevelopDev\developStudy\Crawrling\target\classes;C:\Users\aamum\.m2\repository\org\springframework\boot\spring-boot-starter-data-jpa\3.3.3\spring-boot-starter-data-jpa-3.3.3.jar;C:\Users\aamum\.m2\repository\org\springframework\boot\spring-boot-starter-aop\3.3.3\spring-boot-starter-aop-3.3.3.jar;C:\Users\aamum\.m2\repository\org\aspectj\aspectjweaver\1.9.22.1\aspectjweaver-1.9.22.1.jar;C:\Users\aamum\.m2\repository\org\hibernate\orm\hibernate-core\6.5.2.Final\hibernate-core-6.5.2.Final.jar;C:\Users\aamum\.m2\repository\jakarta\persistence\jakarta.persistence-api\3.1.0\jakarta.persistence-api-3.1.0.jar;C:\Users\aamum\.m2\repository\jakarta\transaction\jakarta.transaction-api\2.0.1\jakarta.transaction-api-2.0.1.jar;C:\Users\aamum\.m2\repository\org\hibernate\common\hibernate-commons-annotations\6.0.6.Final\hibernate-commons-annotations-6.0.6.Final.jar;C:\Users\aamum\.m2\repository\io\smallrye\jandex\3.1.2\jandex-3.1.2.jar;C:\Users\aamum\.m2\repository\jakarta\inject\jakarta.inject-api\2.0.1\jakarta.inject-api-2.0.1.jar;C:\Users\aamum\.m2\repository\org\antlr\antlr4-runtime\4.13.0\antlr4-runtime-4.13.0.jar;C:\Users\aamum\.m2\repository\org\springframework\data\spring-data-jpa\3.3.3\spring-data-jpa-3.3.3.jar;C:\Users\aamum\.m2\repository\org\springframework\data\spring-data-commons\3.3.3\spring-data-commons-3.3.3.jar;C:\Users\aamum\.m2\repository\org\springframework\spring-orm\6.1.12\spring-orm-6.1.12.jar;C:\Users\aamum\.m2\repository\org\springframework\spring-aspects\6.1.12\spring-aspects-6.1.12.jar;C:\Users\aamum\.m2\repository\org\jsoup\jsoup\1.15.1\jsoup-1.15.1.jar;C:\Users\aamum\.m2\repository\org\springframework\boot\spring-boot-starter-mail\3.3.3\spring-boot-starter-mail-3.3.3.jar;C:\Users\aamum\.m2\repository\org\springframework\spring-context-support\6.1.12\spring-context-support-6.1.12.jar;C:\Users\aamum\.m2\repository\org\eclipse\angus\jakarta.mail\2.0.3\jakarta.mail-2.0.3.jar;C:\Users\aamum\.m2\repository\org\apache\commons\commons-text\1.9\commons-text-1.9.jar;C:\Users\aamum\.m2\repository\org\apache\commons\commons-lang3\3.14.0\commons-lang3-3.14.0.jar;C:\Users\aamum\.m2\repository\com\amazonaws\aws-java-sdk-s3\1.12.500\aws-java-sdk-s3-1.12.500.jar;C:\Users\aamum\.m2\repository\com\amazonaws\aws-java-sdk-kms\1.12.500\aws-java-sdk-kms-1.12.500.jar;C:\Users\aamum\.m2\repository\com\amazonaws\aws-java-sdk-core\1.12.500\aws-java-sdk-core-1.12.500.jar;C:\Users\aamum\.m2\repository\commons-logging\commons-logging\1.1.3\commons-logging-1.1.3.jar;C:\Users\aamum\.m2\repository\commons-codec\commons-codec\1.16.1\commons-codec-1.16.1.jar;C:\Users\aamum\.m2\repository\org\apache\httpcomponents\httpclient\4.5.13\httpclient-4.5.13.jar;C:\Users\aamum\.m2\repository\org\apache\httpcomponents\httpcore\4.4.16\httpcore-4.4.16.jar;C:\Users\aamum\.m2\repository\software\amazon\ion\ion-java\1.0.2\ion-java-1.0.2.jar;C:\Users\aamum\.m2\repository\com\fasterxml\jackson\dataformat\jackson-dataformat-cbor\2.17.2\jackson-dataformat-cbor-2.17.2.jar;C:\Users\aamum\.m2\repository\joda-time\joda-time\2.8.1\joda-time-2.8.1.jar;C:\Users\aamum\.m2\repository\com\amazonaws\jmespath-java\1.12.500\jmespath-java-1.12.500.jar;C:\Users\aamum\.m2\repository\commons-io\commons-io\2.11.0\commons-io-2.11.0.jar
Launcher Type: SUN_STANDARD

[Global flags]
     intx CICompilerCount                          = 12                                        {product} {ergonomic}
     uint ConcGCThreads                            = 3                                         {product} {ergonomic}
     uint G1ConcRefinementThreads                  = 13                                        {product} {ergonomic}
   size_t G1HeapRegionSize                         = 2097152                                   {product} {ergonomic}
    uintx GCDrainStackTargetSize                   = 64                                        {product} {ergonomic}
   size_t InitialHeapSize                          = 255852544                                 {product} {ergonomic}
     bool ManagementServer                         = true                                      {product} {command line}
   size_t MarkStackSize                            = 4194304                                   {product} {ergonomic}
   size_t MaxHeapSize                              = 4093640704                                {product} {ergonomic}
   size_t MaxNewSize                               = 2455764992                                {product} {ergonomic}
   size_t MinHeapDeltaBytes                        = 2097152                                   {product} {ergonomic}
   size_t MinHeapSize                              = 8388608                                   {product} {ergonomic}
    uintx NonNMethodCodeHeapSize                   = 4096                                   {pd product} {ergonomic}
    uintx NonProfiledCodeHeapSize                  = 0                                      {pd product} {ergonomic}
     bool ProfileInterpreter                       = false                                  {pd product} {command line}
    uintx ProfiledCodeHeapSize                     = 0                                      {pd product} {ergonomic}
     bool ShowCodeDetailsInExceptionMessages       = true                                   {manageable} {command line}
   size_t SoftMaxHeapSize                          = 4093640704                             {manageable} {ergonomic}
     intx TieredStopAtLevel                        = 1                                         {product} {command line}
     bool UseCompressedOops                        = true                           {product lp64_product} {ergonomic}
     bool UseG1GC                                  = true                                      {product} {ergonomic}
     bool UseLargePagesIndividualAllocation        = false                                  {pd product} {ergonomic}

Logging:
Log output configuration:
 #0: stdout all=warning uptime,level,tags foldmultilines=false
 #1: stderr all=off uptime,level,tags foldmultilines=false

Environment Variables:
CLASSPATH=C:\jdk-17.0.2\lib;C:\jdk-14.0.2\bin;
PATH=C:\DevelopDev\spring-tool-suite-4-4.24.0.RELEASE-e4.32.0-win32.win32.x86_64.self-extracting\sts-4.24.0.RELEASE\plugins\org.eclipse.justj.openjdk.hotspot.jre.full.win32.x86_64_21.0.3.v20240426-1530\jre\bin;C:/DevelopDev/spring-tool-suite-4-4.24.0.RELEASE-e4.32.0-win32.win32.x86_64.self-extracting/sts-4.24.0.RELEASE//plugins/org.eclipse.justj.openjdk.hotspot.jre.full.win32.x86_64_21.0.3.v20240426-1530/jre/bin/server;C:/DevelopDev/spring-tool-suite-4-4.24.0.RELEASE-e4.32.0-win32.win32.x86_64.self-extracting/sts-4.24.0.RELEASE//plugins/org.eclipse.justj.openjdk.hotspot.jre.full.win32.x86_64_21.0.3.v20240426-1530/jre/bin;C:\jdk-17.0.2\bin;C:\jdk-14.0.2\bin;C:\app\aamum\product\21c\dbhomeXE\bin;C:\Program Files\Common Files\Oracle\Java\javapath;C:\WINDOWS\system32;C:\WINDOWS;C:\WINDOWS\System32\Wbem;C:\WINDOWS\System32\WindowsPowerShell\v1.0\;C:\WINDOWS\System32\OpenSSH\;C:\Program Files\PuTTY\;%JAVA_HOME%\bin;C:\Program Files\nodejs\;C:\Program Files\Git\cmd;C:\Program Files\Bandizip\;C:\Users\aamum\AppData\Local\Programs\Python\Launcher\;C:\Users\aamum\AppData\Local\Microsoft\WindowsApps;C:\Users\aamum\AppData\Roaming\npm;C:\Program Files\JetBrains\PyCharm 2023.3.4\bin;;C:\Program Files\JetBrains\PyCharm Community Edition 2023.3.4\bin;;C:\Users\aamum\AppData\Local\Programs\Microsoft VS Code\bin;C:\Program Files\JetBrains\IntelliJ IDEA Community Edition 2024.2.1\bin;;C:\DevelopDev\spring-tool-suite-4-4.24.0.RELEASE-e4.32.0-win32.win32.x86_64.self-extracting\sts-4.24.0.RELEASE;
USERNAME=aamum
OS=Windows_NT
PROCESSOR_IDENTIFIER=AMD64 Family 25 Model 68 Stepping 1, AuthenticAMD
TMP=C:\Users\aamum\AppData\Local\Temp
TEMP=C:\Users\aamum\AppData\Local\Temp




Periodic native trim disabled

---------------  S Y S T E M  ---------------

OS:
 Windows 11 , 64 bit Build 22621 (10.0.22621.3958)
OS uptime: 9 days 2:37 hours

CPU: total 16 (initial active 16) (16 cores per cpu, 2 threads per core) family 25 model 68 stepping 1 microcode 0x0, cx8, cmov, fxsr, ht, mmx, 3dnowpref, sse, sse2, sse3, ssse3, sse4a, sse4.1, sse4.2, popcnt, lzcnt, tsc, tscinvbit, avx, avx2, aes, erms, clmul, bmi1, bmi2, adx, sha, fma, vzeroupper, clflush, clflushopt, rdtscp, rdpid, fsrm, f16c, pku, cet_ss
Processor Information for all 16 processors :
  Max Mhz: 2701, Current Mhz: 2497, Mhz Limit: 2701

Memory: 4k page, system-wide physical 15614M (1966M free)
TotalPageFile size 37118M (AvailPageFile size 6608M)
current process WorkingSet (physical memory assigned to process): 287M, peak: 288M
current process commit charge ("private bytes"): 327M, peak: 363M

vm_info: OpenJDK 64-Bit Server VM (21.0.3+9-LTS) for windows-amd64 JRE (21.0.3+9-LTS), built on 2024-04-16T00:00:00Z by "admin" with MS VC++ 17.7 (VS2022)

END.
